#
# There is insufficient memory for the Java Runtime Environment to continue.
# Native memory allocation (malloc) failed to allocate 1152000 bytes. Error detail: Chunk::new
# Possible reasons:
#   The system is out of physical RAM or swap space
#   This process is running with CompressedOops enabled, and the Java Heap may be blocking the growth of the native heap
# Possible solutions:
#   Reduce memory load on the system
#   Increase physical memory or swap space
#   Check if swap backing store is full
#   Decrease Java heap size (-Xmx/-Xms)
#   Decrease number of Java threads
#   Decrease Java thread stack sizes (-Xss)
#   Set larger code cache with -XX:ReservedCodeCacheSize=
#   JVM is running with Zero Based Compressed Oops mode in which the Java heap is
#     placed in the first 32GB address space. The Java Heap base address is the
#     maximum limit for the native heap growth. Please use -XX:HeapBaseMinAddress
#     to set the Java Heap base and to place the Java Heap above 32GB virtual address.
# This output file may be truncated or incomplete.
#
#  Out of Memory Error (arena.cpp:193), pid=11332, tid=19888
#
# JRE version: Java(TM) SE Runtime Environment (26.0.1+8) (build 26.0.1+8-34)
# Java VM: Java HotSpot(TM) 64-Bit Server VM (26.0.1+8-34, mixed mode, sharing, tiered, compressed oops, compressed class ptrs, g1 gc, windows-amd64)
# No core dump will be written. Minidumps are not enabled by default on client versions of Windows
#

---------------  S U M M A R Y ------------

Command Line: C:\Users\chrin\AppData\Local\Temp\surefire14758409481934402744\surefirebooter-20260701154108483_3.jar C:\Users\chrin\AppData\Local\Temp\surefire14758409481934402744 2026-07-01T15-41-08_124-jvmRun1 surefire-20260701154108483_1tmp surefire_0-20260701154108483_2tmp

Host: 11th Gen Intel(R) Core(TM) i5-1135G7 @ 2.40GHz, 8 cores, 15G,  Windows 11 , 64 bit Build 26100 (10.0.26100.8328)
Time: Wed Jul  1 15:41:22 2026 Mauritius Standard Time elapsed time: 13.930910 seconds (0d 0h 0m 13s)

---------------  T H R E A D  ---------------

Current thread (0x0000027e950a08c0):  JavaThread "C2 CompilerThread0" daemon [_thread_in_native, id=19888, stack(0x000000dd0f200000,0x000000dd0f300000) (1024K)]


Current CompileTask:
C2:13931 6432       4       org.springframework.core.ResolvableType::forType (112 bytes)

Stack: [0x000000dd0f200000,0x000000dd0f300000]
Native frames: (J=compiled Java code, j=interpreted, Vv=VM code, C=native code)
V  [jvm.dll+0x7d5879]  (no source info available)
V  [jvm.dll+0x7a37dd]  (no source info available)
V  [jvm.dll+0x9b0c10]  (no source info available)
V  [jvm.dll+0x9b3061]  (no source info available)
V  [jvm.dll+0x9b3773]  (no source info available)
V  [jvm.dll+0x30df76]  (no source info available)
V  [jvm.dll+0x11d8a6]  (no source info available)
V  [jvm.dll+0x11dbce]  (no source info available)
V  [jvm.dll+0x466bd1]  (no source info available)
V  [jvm.dll+0x435782]  (no source info available)
V  [jvm.dll+0x434b9a]  (no source info available)
V  [jvm.dll+0x2d1429]  (no source info available)
V  [jvm.dll+0x2d05bf]  (no source info available)
V  [jvm.dll+0x246820]  (no source info available)
V  [jvm.dll+0x2e06dc]  (no source info available)
V  [jvm.dll+0x2de8bd]  (no source info available)
V  [jvm.dll+0x4a3ff1]  (no source info available)
V  [jvm.dll+0x94f649]  (no source info available)
V  [jvm.dll+0x7d7358]  (no source info available)
C  [ucrtbase.dll+0x37b0]  (no source info available)
C  [KERNEL32.DLL+0x2e957]  (no source info available)
C  [ntdll.dll+0x427c]  (no source info available)

Lock stack of current Java thread (top to bottom):


---------------  P R O C E S S  ---------------

Threads class SMR info:
_java_thread_list=0x0000027e9bf65fe0, length=16, elements={
0x0000027ef2bd9140, 0x0000027e95068fe0, 0x0000027e95069a30, 0x0000027e9506b740,
0x0000027e9506ff30, 0x0000027e95071e70, 0x0000027e95070ed0, 0x0000027e950a08c0,
0x0000027e950a8590, 0x0000027e95165ff0, 0x0000027e951667c0, 0x0000027e959de780,
0x0000027e959ddfb0, 0x0000027e9b4cb6e0, 0x0000027e9b24c770, 0x0000027e95162760
}

Java Threads: ( => current thread )
  0x0000027ef2bd9140 JavaThread "main"                              [_thread_in_native, id=2460, stack(0x000000dd0e300000,0x000000dd0e400000) (1024K)]
  0x0000027e95068fe0 JavaThread "Reference Handler"          daemon [_thread_blocked, id=10592, stack(0x000000dd0ec00000,0x000000dd0ed00000) (1024K)]
  0x0000027e95069a30 JavaThread "Finalizer"                  daemon [_thread_blocked, id=1356, stack(0x000000dd0ed00000,0x000000dd0ee00000) (1024K)]
  0x0000027e9506b740 JavaThread "Signal Dispatcher"          daemon [_thread_blocked, id=30064, stack(0x000000dd0ee00000,0x000000dd0ef00000) (1024K)]
  0x0000027e9506ff30 JavaThread "Attach Listener"            daemon [_thread_blocked, id=17472, stack(0x000000dd0ef00000,0x000000dd0f000000) (1024K)]
  0x0000027e95071e70 JavaThread "Service Thread"             daemon [_thread_blocked, id=15348, stack(0x000000dd0f000000,0x000000dd0f100000) (1024K)]
  0x0000027e95070ed0 JavaThread "Monitor Deflation Thread"   daemon [_thread_blocked, id=27960, stack(0x000000dd0f100000,0x000000dd0f200000) (1024K)]
=>0x0000027e950a08c0 JavaThread "C2 CompilerThread0"         daemon [_thread_in_native, id=19888, stack(0x000000dd0f200000,0x000000dd0f300000) (1024K)]
  0x0000027e950a8590 JavaThread "C1 CompilerThread0"         daemon [_thread_blocked, id=29668, stack(0x000000dd0f300000,0x000000dd0f400000) (1024K)]
  0x0000027e95165ff0 JavaThread "Notification Thread"        daemon [_thread_blocked, id=7156, stack(0x000000dd0f400000,0x000000dd0f500000) (1024K)]
  0x0000027e951667c0 JavaThread "Common-Cleaner"             daemon [_thread_blocked, id=26312, stack(0x000000dd0f500000,0x000000dd0f600000) (1024K)]
  0x0000027e959de780 JavaThread "surefire-forkedjvm-stream-flusher" daemon [_thread_blocked, id=29272, stack(0x000000dd0f800000,0x000000dd0f900000) (1024K)]
  0x0000027e959ddfb0 JavaThread "surefire-forkedjvm-command-thread" daemon [_thread_in_native, id=9012, stack(0x000000dd0f900000,0x000000dd0fa00000) (1024K)]
  0x0000027e9b4cb6e0 JavaThread "mysql-cj-abandoned-connection-cleanup" daemon [_thread_blocked, id=20472, stack(0x000000dd0fd00000,0x000000dd0fe00000) (1024K)]
  0x0000027e9b24c770 JavaThread "HikariPool-1:housekeeper"   daemon [_thread_blocked, id=24484, stack(0x000000dd10400000,0x000000dd10500000) (1024K)]
  0x0000027e95162760 JavaThread "C2 CompilerThread1"         daemon [_thread_blocked, id=14652, stack(0x000000dd0f600000,0x000000dd0f700000) (1024K)]
Total: 16

Other Threads:
  0x0000027ef4fe4be0 VMThread "VM Thread"                           [id=8440, stack(0x000000dd0eb00000,0x000000dd0ec00000) (1024K)]
  0x0000027e95044940 WatcherThread "VM Periodic Task Thread"        [id=29628, stack(0x000000dd0ea00000,0x000000dd0eb00000) (1024K)]
  0x0000027ef4f862b0 WorkerThread "GC Thread#0"                     [id=9572, stack(0x000000dd0e400000,0x000000dd0e500000) (1024K)]
  0x0000027ef4fe3aa0 WorkerThread "GC Thread#1"                     [id=27076, stack(0x000000dd0f700000,0x000000dd0f800000) (1024K)]
  0x0000027ef4fe3200 WorkerThread "GC Thread#2"                     [id=9744, stack(0x000000dd0fa00000,0x000000dd0fb00000) (1024K)]
  0x0000027ef4fe3650 WorkerThread "GC Thread#3"                     [id=13176, stack(0x000000dd0fb00000,0x000000dd0fc00000) (1024K)]
  0x0000027ef4fe5030 WorkerThread "GC Thread#4"                     [id=12048, stack(0x000000dd0fc00000,0x000000dd0fd00000) (1024K)]
  0x0000027e9b4b86d0 WorkerThread "GC Thread#5"                     [id=14312, stack(0x000000dd0fe00000,0x000000dd0ff00000) (1024K)]
  0x0000027e9b4b5bb0 WorkerThread "GC Thread#6"                     [id=2820, stack(0x000000dd0ff00000,0x000000dd10000000) (1024K)]
  0x0000027e9b4b7590 WorkerThread "GC Thread#7"                     [id=27996, stack(0x000000dd10000000,0x000000dd10100000) (1024K)]
  0x0000027ef4f9eb10 ConcurrentGCThread "G1 Main Marker"            [id=27588, stack(0x000000dd0e500000,0x000000dd0e600000) (1024K)]
  0x0000027ef4fa0380 WorkerThread "G1 Conc#0"                       [id=29072, stack(0x000000dd0e600000,0x000000dd0e700000) (1024K)]
  0x0000027e9b4b8b20 WorkerThread "G1 Conc#1"                       [id=2644, stack(0x000000dd10100000,0x000000dd10200000) (1024K)]
  0x0000027ef4fe4790 WorkerThread "G1 Refinement Workers#0"         [id=24540, stack(0x000000dd0e800000,0x000000dd0e900000) (1024K)]
  0x0000027ef4fde7e0 ConcurrentGCThread "G1 Refine Control"         [id=23520, stack(0x000000dd0e700000,0x000000dd0e800000) (1024K)]
  0x0000027e94f18090 ConcurrentGCThread "G1 Service"                [id=22992, stack(0x000000dd0e900000,0x000000dd0ea00000) (1024K)]
Total: 16

Threads with active compile tasks:
C2 CompilerThread0  14015 6432       4       org.springframework.core.ResolvableType::forType (112 bytes)
Total: 1

VM state: not at safepoint (normal execution)

VM Mutex/Monitor currently owned by a thread: None

Heap address: 0x0000000704400000, size: 4028 MB, Compressed Oops mode: Zero based, Oop shift amount: 3

CDS archive(s) mapped at: [0x000000008c000000-0x000000008cde0000-0x000000008cde0000), size 14548992, SharedBaseAddress: 0x000000008c000000, ArchiveRelocationMode: 1.
Compressed class space mapped at: 0x000000008d000000-0x00000000cd000000, reserved size: 1073741824
UseCompressedClassPointers 1, UseCompactObjectHeaders 0
Narrow klass pointer bits 32, Max shift 3
Narrow klass base: 0x000000008c000000, Narrow klass shift: 0
Encoding Range: [0x000000008c000000 - 0x000000018c000000), (4294967296 bytes)
Klass Range:    [0x000000008c000000 - 0x00000000cd000000), (1090519040 bytes)
Klass ID Range:  [8 - 1090519033) (1090519025)
Protection zone: [0x000000008c000000 - 0x000000008c010000), (65536 bytes)

GC Precious Log:
 CardTable entry size: 512
 Card Set container configuration: InlinePtr #cards 4 size 8 Array Of Cards #cards 16 size 48 Howl #buckets 8 coarsen threshold 3686 Howl Bitmap #cards 512 size 80 coarsen threshold 460 Card regions per heap region 1 cards per card region 4096
 CPUs: 8 total, 8 available
 Memory: 16106M
 Large Page Support: Disabled
 NUMA Support: Disabled
 Compressed Oops: Enabled (Zero based)
 Heap Region Size: 2M
 Heap Min Capacity: 8M
 Heap Initial Capacity: 8M
 Heap Max Capacity: 4028M
 Pre-touch: Disabled
 Parallel Workers: 8
 Concurrent Workers: 2
 Concurrent Refinement Workers: 8
 Periodic GC: Disabled

Heap:
 garbage-first heap   total reserved 4124672K, committed 331776K, used 48009K [0x0000000704400000, 0x0000000800000000)
  region size 2M, 8 eden (16M), 3 survivor (6M), 14 old (28M), 0 humongous (0M), 137 free (274M)

Heap Regions: E=young(eden), S=young(survivor), O=old, HS=humongous(starts), HC=humongous(continues), CS=collection set, F=free, TAMS=top-at-mark-start, PB=parsable bottom
|    0|0x0000000704400000, 0x0000000704600000, 0x0000000704600000|100%| O|  |TAMS 0x0000000704400000| PB 0x0000000704400000| Untracked |  0
|    1|0x0000000704600000, 0x0000000704800000, 0x0000000704800000|100%| O|  |TAMS 0x0000000704600000| PB 0x0000000704600000| Untracked |  0
|    2|0x0000000704800000, 0x0000000704a00000, 0x0000000704a00000|100%| O|  |TAMS 0x0000000704800000| PB 0x0000000704800000| Untracked |  0
|    3|0x0000000704a00000, 0x0000000704c00000, 0x0000000704c00000|100%| O|  |TAMS 0x0000000704a00000| PB 0x0000000704a00000| Untracked |  0
|    4|0x0000000704c00000, 0x0000000704e00000, 0x0000000704e00000|100%| O|  |TAMS 0x0000000704c00000| PB 0x0000000704c00000| Untracked |  0
|    5|0x0000000704e00000, 0x0000000704e00000, 0x0000000705000000|  0%| F|  |TAMS 0x0000000704e00000| PB 0x0000000704e00000| Untracked |  0
|    6|0x0000000705000000, 0x0000000705200000, 0x0000000705200000|100%| O|  |TAMS 0x0000000705000000| PB 0x0000000705000000| Untracked |  0
|    7|0x0000000705200000, 0x0000000705400000, 0x0000000705400000|100%| O|  |TAMS 0x0000000705200000| PB 0x0000000705200000| Untracked |  0
|    8|0x0000000705400000, 0x0000000705600000, 0x0000000705600000|100%| O|  |TAMS 0x0000000705400000| PB 0x0000000705400000| Untracked |  0
|    9|0x0000000705600000, 0x0000000705800000, 0x0000000705800000|100%| O|Cm|TAMS 0x0000000705600000| PB 0x0000000705600000| Complete  |  0
|   10|0x0000000705800000, 0x0000000705a00000, 0x0000000705a00000|100%| O|  |TAMS 0x0000000705800000| PB 0x0000000705800000| Untracked |  0
|   11|0x0000000705a00000, 0x0000000705c00000, 0x0000000705c00000|100%| O|  |TAMS 0x0000000705a00000| PB 0x0000000705a00000| Untracked |  0
|   12|0x0000000705c00000, 0x0000000705e00000, 0x0000000705e00000|100%| O|  |TAMS 0x0000000705c00000| PB 0x0000000705c00000| Untracked |  0
|   13|0x0000000705e00000, 0x0000000705fd8500, 0x0000000706000000| 92%| O|  |TAMS 0x0000000705e00000| PB 0x0000000705e00000| Untracked |  0
|   14|0x0000000706000000, 0x0000000706000000, 0x0000000706200000|  0%| F|  |TAMS 0x0000000706000000| PB 0x0000000706000000| Untracked |  0
|   15|0x0000000706200000, 0x0000000706200000, 0x0000000706400000|  0%| F|  |TAMS 0x0000000706200000| PB 0x0000000706200000| Untracked |  0
|   16|0x0000000706400000, 0x0000000706400000, 0x0000000706600000|  0%| F|  |TAMS 0x0000000706400000| PB 0x0000000706400000| Untracked |  0
|   17|0x0000000706600000, 0x0000000706600000, 0x0000000706800000|  0%| F|  |TAMS 0x0000000706600000| PB 0x0000000706600000| Untracked |  0
|   18|0x0000000706800000, 0x0000000706909f50, 0x0000000706a00000| 51%| S|CS|TAMS 0x0000000706800000| PB 0x0000000706800000| Complete  |  0
|   19|0x0000000706a00000, 0x0000000706c00000, 0x0000000706c00000|100%| S|CS|TAMS 0x0000000706a00000| PB 0x0000000706a00000| Complete  |  0
|   20|0x0000000706c00000, 0x0000000706e00000, 0x0000000706e00000|100%| S|CS|TAMS 0x0000000706c00000| PB 0x0000000706c00000| Complete  |  0
|   21|0x0000000706e00000, 0x0000000706e00000, 0x0000000707000000|  0%| F|  |TAMS 0x0000000706e00000| PB 0x0000000706e00000| Untracked |  0
|   22|0x0000000707000000, 0x0000000707000000, 0x0000000707200000|  0%| F|  |TAMS 0x0000000707000000| PB 0x0000000707000000| Untracked |  0
|   23|0x0000000707200000, 0x0000000707200000, 0x0000000707400000|  0%| F|  |TAMS 0x0000000707200000| PB 0x0000000707200000| Untracked |  0
|   24|0x0000000707400000, 0x0000000707400000, 0x0000000707600000|  0%| F|  |TAMS 0x0000000707400000| PB 0x0000000707400000| Untracked |  0
|   25|0x0000000707600000, 0x0000000707600000, 0x0000000707800000|  0%| F|  |TAMS 0x0000000707600000| PB 0x0000000707600000| Untracked |  0
|   26|0x0000000707800000, 0x0000000707800000, 0x0000000707a00000|  0%| F|  |TAMS 0x0000000707800000| PB 0x0000000707800000| Untracked |  0
|   27|0x0000000707a00000, 0x0000000707a00000, 0x0000000707c00000|  0%| F|  |TAMS 0x0000000707a00000| PB 0x0000000707a00000| Untracked |  0
|   28|0x0000000707c00000, 0x0000000707c00000, 0x0000000707e00000|  0%| F|  |TAMS 0x0000000707c00000| PB 0x0000000707c00000| Untracked |  0
|   29|0x0000000707e00000, 0x0000000707e00000, 0x0000000708000000|  0%| F|  |TAMS 0x0000000707e00000| PB 0x0000000707e00000| Untracked |  0
|   30|0x0000000708000000, 0x0000000708000000, 0x0000000708200000|  0%| F|  |TAMS 0x0000000708000000| PB 0x0000000708000000| Untracked |  0
|   31|0x0000000708200000, 0x0000000708200000, 0x0000000708400000|  0%| F|  |TAMS 0x0000000708200000| PB 0x0000000708200000| Untracked |  0
|   32|0x0000000708400000, 0x0000000708400000, 0x0000000708600000|  0%| F|  |TAMS 0x0000000708400000| PB 0x0000000708400000| Untracked |  0
|   33|0x0000000708600000, 0x0000000708600000, 0x0000000708800000|  0%| F|  |TAMS 0x0000000708600000| PB 0x0000000708600000| Untracked |  0
|   34|0x0000000708800000, 0x0000000708800000, 0x0000000708a00000|  0%| F|  |TAMS 0x0000000708800000| PB 0x0000000708800000| Untracked |  0
|   35|0x0000000708a00000, 0x0000000708a00000, 0x0000000708c00000|  0%| F|  |TAMS 0x0000000708a00000| PB 0x0000000708a00000| Untracked |  0
|   36|0x0000000708c00000, 0x0000000708c00000, 0x0000000708e00000|  0%| F|  |TAMS 0x0000000708c00000| PB 0x0000000708c00000| Untracked |  0
|   37|0x0000000708e00000, 0x0000000708e00000, 0x0000000709000000|  0%| F|  |TAMS 0x0000000708e00000| PB 0x0000000708e00000| Untracked |  0
|   38|0x0000000709000000, 0x0000000709000000, 0x0000000709200000|  0%| F|  |TAMS 0x0000000709000000| PB 0x0000000709000000| Untracked |  0
|   39|0x0000000709200000, 0x0000000709200000, 0x0000000709400000|  0%| F|  |TAMS 0x0000000709200000| PB 0x0000000709200000| Untracked |  0
|   40|0x0000000709400000, 0x0000000709400000, 0x0000000709600000|  0%| F|  |TAMS 0x0000000709400000| PB 0x0000000709400000| Untracked |  0
|   41|0x0000000709600000, 0x0000000709600000, 0x0000000709800000|  0%| F|  |TAMS 0x0000000709600000| PB 0x0000000709600000| Untracked |  0
|   42|0x0000000709800000, 0x0000000709800000, 0x0000000709a00000|  0%| F|  |TAMS 0x0000000709800000| PB 0x0000000709800000| Untracked |  0
|   43|0x0000000709a00000, 0x0000000709a00000, 0x0000000709c00000|  0%| F|  |TAMS 0x0000000709a00000| PB 0x0000000709a00000| Untracked |  0
|   44|0x0000000709c00000, 0x0000000709c00000, 0x0000000709e00000|  0%| F|  |TAMS 0x0000000709c00000| PB 0x0000000709c00000| Untracked |  0
|   45|0x0000000709e00000, 0x0000000709e00000, 0x000000070a000000|  0%| F|  |TAMS 0x0000000709e00000| PB 0x0000000709e00000| Untracked |  0
|   46|0x000000070a000000, 0x000000070a000000, 0x000000070a200000|  0%| F|  |TAMS 0x000000070a000000| PB 0x000000070a000000| Untracked |  0
|   47|0x000000070a200000, 0x000000070a200000, 0x000000070a400000|  0%| F|  |TAMS 0x000000070a200000| PB 0x000000070a200000| Untracked |  0
|   48|0x000000070a400000, 0x000000070a400000, 0x000000070a600000|  0%| F|  |TAMS 0x000000070a400000| PB 0x000000070a400000| Untracked |  0
|   49|0x000000070a600000, 0x000000070a600000, 0x000000070a800000|  0%| F|  |TAMS 0x000000070a600000| PB 0x000000070a600000| Untracked |  0
|   50|0x000000070a800000, 0x000000070a800000, 0x000000070aa00000|  0%| F|  |TAMS 0x000000070a800000| PB 0x000000070a800000| Untracked |  0
|   51|0x000000070aa00000, 0x000000070aa00000, 0x000000070ac00000|  0%| F|  |TAMS 0x000000070aa00000| PB 0x000000070aa00000| Untracked |  0
|   52|0x000000070ac00000, 0x000000070ac00000, 0x000000070ae00000|  0%| F|  |TAMS 0x000000070ac00000| PB 0x000000070ac00000| Untracked |  0
|   53|0x000000070ae00000, 0x000000070ae00000, 0x000000070b000000|  0%| F|  |TAMS 0x000000070ae00000| PB 0x000000070ae00000| Untracked |  0
|   54|0x000000070b000000, 0x000000070b000000, 0x000000070b200000|  0%| F|  |TAMS 0x000000070b000000| PB 0x000000070b000000| Untracked |  0
|   55|0x000000070b200000, 0x000000070b200000, 0x000000070b400000|  0%| F|  |TAMS 0x000000070b200000| PB 0x000000070b200000| Untracked |  0
|   56|0x000000070b400000, 0x000000070b400000, 0x000000070b600000|  0%| F|  |TAMS 0x000000070b400000| PB 0x000000070b400000| Untracked |  0
|   57|0x000000070b600000, 0x000000070b600000, 0x000000070b800000|  0%| F|  |TAMS 0x000000070b600000| PB 0x000000070b600000| Untracked |  0
|   58|0x000000070b800000, 0x000000070b800000, 0x000000070ba00000|  0%| F|  |TAMS 0x000000070b800000| PB 0x000000070b800000| Untracked |  0
|   59|0x000000070ba00000, 0x000000070ba00000, 0x000000070bc00000|  0%| F|  |TAMS 0x000000070ba00000| PB 0x000000070ba00000| Untracked |  0
|   60|0x000000070bc00000, 0x000000070bc00000, 0x000000070be00000|  0%| F|  |TAMS 0x000000070bc00000| PB 0x000000070bc00000| Untracked |  0
|   61|0x000000070be00000, 0x000000070be00000, 0x000000070c000000|  0%| F|  |TAMS 0x000000070be00000| PB 0x000000070be00000| Untracked |  0
|   62|0x000000070c000000, 0x000000070c000000, 0x000000070c200000|  0%| F|  |TAMS 0x000000070c000000| PB 0x000000070c000000| Untracked |  0
|   63|0x000000070c200000, 0x000000070c200000, 0x000000070c400000|  0%| F|  |TAMS 0x000000070c200000| PB 0x000000070c200000| Untracked |  0
|   64|0x000000070c400000, 0x000000070c400000, 0x000000070c600000|  0%| F|  |TAMS 0x000000070c400000| PB 0x000000070c400000| Untracked |  0
|   65|0x000000070c600000, 0x000000070c600000, 0x000000070c800000|  0%| F|  |TAMS 0x000000070c600000| PB 0x000000070c600000| Untracked |  0
|   66|0x000000070c800000, 0x000000070c800000, 0x000000070ca00000|  0%| F|  |TAMS 0x000000070c800000| PB 0x000000070c800000| Untracked |  0
|   67|0x000000070ca00000, 0x000000070ca00000, 0x000000070cc00000|  0%| F|  |TAMS 0x000000070ca00000| PB 0x000000070ca00000| Untracked |  0
|   68|0x000000070cc00000, 0x000000070cc00000, 0x000000070ce00000|  0%| F|  |TAMS 0x000000070cc00000| PB 0x000000070cc00000| Untracked |  0
|   69|0x000000070ce00000, 0x000000070ce00000, 0x000000070d000000|  0%| F|  |TAMS 0x000000070ce00000| PB 0x000000070ce00000| Untracked |  0
|   70|0x000000070d000000, 0x000000070d000000, 0x000000070d200000|  0%| F|  |TAMS 0x000000070d000000| PB 0x000000070d000000| Untracked |  0
|   71|0x000000070d200000, 0x000000070d200000, 0x000000070d400000|  0%| F|  |TAMS 0x000000070d200000| PB 0x000000070d200000| Untracked |  0
|   72|0x000000070d400000, 0x000000070d400000, 0x000000070d600000|  0%| F|  |TAMS 0x000000070d400000| PB 0x000000070d400000| Untracked |  0
|   73|0x000000070d600000, 0x000000070d600000, 0x000000070d800000|  0%| F|  |TAMS 0x000000070d600000| PB 0x000000070d600000| Untracked |  0
|   74|0x000000070d800000, 0x000000070d800000, 0x000000070da00000|  0%| F|  |TAMS 0x000000070d800000| PB 0x000000070d800000| Untracked |  0
|   75|0x000000070da00000, 0x000000070da00000, 0x000000070dc00000|  0%| F|  |TAMS 0x000000070da00000| PB 0x000000070da00000| Untracked |  0
|   76|0x000000070dc00000, 0x000000070dc00000, 0x000000070de00000|  0%| F|  |TAMS 0x000000070dc00000| PB 0x000000070dc00000| Untracked |  0
|   77|0x000000070de00000, 0x000000070de00000, 0x000000070e000000|  0%| F|  |TAMS 0x000000070de00000| PB 0x000000070de00000| Untracked |  0
|   78|0x000000070e000000, 0x000000070e000000, 0x000000070e200000|  0%| F|  |TAMS 0x000000070e000000| PB 0x000000070e000000| Untracked |  0
|   79|0x000000070e200000, 0x000000070e200000, 0x000000070e400000|  0%| F|  |TAMS 0x000000070e200000| PB 0x000000070e200000| Untracked |  0
|   80|0x000000070e400000, 0x000000070e400000, 0x000000070e600000|  0%| F|  |TAMS 0x000000070e400000| PB 0x000000070e400000| Untracked |  0
|   81|0x000000070e600000, 0x000000070e600000, 0x000000070e800000|  0%| F|  |TAMS 0x000000070e600000| PB 0x000000070e600000| Untracked |  0
|   82|0x000000070e800000, 0x000000070e800000, 0x000000070ea00000|  0%| F|  |TAMS 0x000000070e800000| PB 0x000000070e800000| Untracked |  0
|   83|0x000000070ea00000, 0x000000070ea00000, 0x000000070ec00000|  0%| F|  |TAMS 0x000000070ea00000| PB 0x000000070ea00000| Untracked |  0
|   84|0x000000070ec00000, 0x000000070ec00000, 0x000000070ee00000|  0%| F|  |TAMS 0x000000070ec00000| PB 0x000000070ec00000| Untracked |  0
|   85|0x000000070ee00000, 0x000000070ee00000, 0x000000070f000000|  0%| F|  |TAMS 0x000000070ee00000| PB 0x000000070ee00000| Untracked |  0
|   86|0x000000070f000000, 0x000000070f000000, 0x000000070f200000|  0%| F|  |TAMS 0x000000070f000000| PB 0x000000070f000000| Untracked |  0
|   87|0x000000070f200000, 0x000000070f200000, 0x000000070f400000|  0%| F|  |TAMS 0x000000070f200000| PB 0x000000070f200000| Untracked |  0
|   88|0x000000070f400000, 0x000000070f400000, 0x000000070f600000|  0%| F|  |TAMS 0x000000070f400000| PB 0x000000070f400000| Untracked |  0
|   89|0x000000070f600000, 0x000000070f600000, 0x000000070f800000|  0%| F|  |TAMS 0x000000070f600000| PB 0x000000070f600000| Untracked |  0
|   90|0x000000070f800000, 0x000000070f800000, 0x000000070fa00000|  0%| F|  |TAMS 0x000000070f800000| PB 0x000000070f800000| Untracked |  0
|   91|0x000000070fa00000, 0x000000070fa00000, 0x000000070fc00000|  0%| F|  |TAMS 0x000000070fa00000| PB 0x000000070fa00000| Untracked |  0
|   92|0x000000070fc00000, 0x000000070fc00000, 0x000000070fe00000|  0%| F|  |TAMS 0x000000070fc00000| PB 0x000000070fc00000| Untracked |  0
|   93|0x000000070fe00000, 0x000000070fe00000, 0x0000000710000000|  0%| F|  |TAMS 0x000000070fe00000| PB 0x000000070fe00000| Untracked |  0
|   94|0x0000000710000000, 0x0000000710000000, 0x0000000710200000|  0%| F|  |TAMS 0x0000000710000000| PB 0x0000000710000000| Untracked |  0
|   95|0x0000000710200000, 0x0000000710200000, 0x0000000710400000|  0%| F|  |TAMS 0x0000000710200000| PB 0x0000000710200000| Untracked |  0
|   96|0x0000000710400000, 0x0000000710400000, 0x0000000710600000|  0%| F|  |TAMS 0x0000000710400000| PB 0x0000000710400000| Untracked |  0
|   97|0x0000000710600000, 0x0000000710600000, 0x0000000710800000|  0%| F|  |TAMS 0x0000000710600000| PB 0x0000000710600000| Untracked |  0
|   98|0x0000000710800000, 0x0000000710800000, 0x0000000710a00000|  0%| F|  |TAMS 0x0000000710800000| PB 0x0000000710800000| Untracked |  0
|   99|0x0000000710a00000, 0x0000000710a00000, 0x0000000710c00000|  0%| F|  |TAMS 0x0000000710a00000| PB 0x0000000710a00000| Untracked |  0
|  100|0x0000000710c00000, 0x0000000710c00000, 0x0000000710e00000|  0%| F|  |TAMS 0x0000000710c00000| PB 0x0000000710c00000| Untracked |  0
|  101|0x0000000710e00000, 0x0000000710e00000, 0x0000000711000000|  0%| F|  |TAMS 0x0000000710e00000| PB 0x0000000710e00000| Untracked |  0
|  102|0x0000000711000000, 0x0000000711000000, 0x0000000711200000|  0%| F|  |TAMS 0x0000000711000000| PB 0x0000000711000000| Untracked |  0
|  103|0x0000000711200000, 0x0000000711200000, 0x0000000711400000|  0%| F|  |TAMS 0x0000000711200000| PB 0x0000000711200000| Untracked |  0
|  104|0x0000000711400000, 0x0000000711400000, 0x0000000711600000|  0%| F|  |TAMS 0x0000000711400000| PB 0x0000000711400000| Untracked |  0
|  105|0x0000000711600000, 0x0000000711600000, 0x0000000711800000|  0%| F|  |TAMS 0x0000000711600000| PB 0x0000000711600000| Untracked |  0
|  106|0x0000000711800000, 0x0000000711800000, 0x0000000711a00000|  0%| F|  |TAMS 0x0000000711800000| PB 0x0000000711800000| Untracked |  0
|  107|0x0000000711a00000, 0x0000000711a00000, 0x0000000711c00000|  0%| F|  |TAMS 0x0000000711a00000| PB 0x0000000711a00000| Untracked |  0
|  108|0x0000000711c00000, 0x0000000711c00000, 0x0000000711e00000|  0%| F|  |TAMS 0x0000000711c00000| PB 0x0000000711c00000| Untracked |  0
|  109|0x0000000711e00000, 0x0000000711e00000, 0x0000000712000000|  0%| F|  |TAMS 0x0000000711e00000| PB 0x0000000711e00000| Untracked |  0
|  110|0x0000000712000000, 0x0000000712000000, 0x0000000712200000|  0%| F|  |TAMS 0x0000000712000000| PB 0x0000000712000000| Untracked |  0
|  111|0x0000000712200000, 0x0000000712200000, 0x0000000712400000|  0%| F|  |TAMS 0x0000000712200000| PB 0x0000000712200000| Untracked |  0
|  112|0x0000000712400000, 0x0000000712400000, 0x0000000712600000|  0%| F|  |TAMS 0x0000000712400000| PB 0x0000000712400000| Untracked |  0
|  113|0x0000000712600000, 0x0000000712600000, 0x0000000712800000|  0%| F|  |TAMS 0x0000000712600000| PB 0x0000000712600000| Untracked |  0
|  114|0x0000000712800000, 0x0000000712800000, 0x0000000712a00000|  0%| F|  |TAMS 0x0000000712800000| PB 0x0000000712800000| Untracked |  0
|  115|0x0000000712a00000, 0x0000000712a00000, 0x0000000712c00000|  0%| F|  |TAMS 0x0000000712a00000| PB 0x0000000712a00000| Untracked |  0
|  116|0x0000000712c00000, 0x0000000712c00000, 0x0000000712e00000|  0%| F|  |TAMS 0x0000000712c00000| PB 0x0000000712c00000| Untracked |  0
|  117|0x0000000712e00000, 0x0000000712e00000, 0x0000000713000000|  0%| F|  |TAMS 0x0000000712e00000| PB 0x0000000712e00000| Untracked |  0
|  118|0x0000000713000000, 0x0000000713000000, 0x0000000713200000|  0%| F|  |TAMS 0x0000000713000000| PB 0x0000000713000000| Untracked |  0
|  119|0x0000000713200000, 0x0000000713200000, 0x0000000713400000|  0%| F|  |TAMS 0x0000000713200000| PB 0x0000000713200000| Untracked |  0
|  120|0x0000000713400000, 0x0000000713400000, 0x0000000713600000|  0%| F|  |TAMS 0x0000000713400000| PB 0x0000000713400000| Untracked |  0
|  121|0x0000000713600000, 0x0000000713600000, 0x0000000713800000|  0%| F|  |TAMS 0x0000000713600000| PB 0x0000000713600000| Untracked |  0
|  122|0x0000000713800000, 0x0000000713800000, 0x0000000713a00000|  0%| F|  |TAMS 0x0000000713800000| PB 0x0000000713800000| Untracked |  0
|  123|0x0000000713a00000, 0x0000000713a00000, 0x0000000713c00000|  0%| F|  |TAMS 0x0000000713a00000| PB 0x0000000713a00000| Untracked |  0
|  124|0x0000000713c00000, 0x0000000713c00000, 0x0000000713e00000|  0%| F|  |TAMS 0x0000000713c00000| PB 0x0000000713c00000| Untracked |  0
|  125|0x0000000713e00000, 0x0000000713e00000, 0x0000000714000000|  0%| F|  |TAMS 0x0000000713e00000| PB 0x0000000713e00000| Untracked |  0
|  126|0x0000000714000000, 0x0000000714000000, 0x0000000714200000|  0%| F|  |TAMS 0x0000000714000000| PB 0x0000000714000000| Untracked |  0
|  127|0x0000000714200000, 0x0000000714200000, 0x0000000714400000|  0%| F|  |TAMS 0x0000000714200000| PB 0x0000000714200000| Untracked |  0
|  128|0x0000000714400000, 0x0000000714400000, 0x0000000714600000|  0%| F|  |TAMS 0x0000000714400000| PB 0x0000000714400000| Untracked |  0
|  129|0x0000000714600000, 0x0000000714600000, 0x0000000714800000|  0%| F|  |TAMS 0x0000000714600000| PB 0x0000000714600000| Untracked |  0
|  130|0x0000000714800000, 0x0000000714800000, 0x0000000714a00000|  0%| F|  |TAMS 0x0000000714800000| PB 0x0000000714800000| Untracked |  0
|  131|0x0000000714a00000, 0x0000000714a00000, 0x0000000714c00000|  0%| F|  |TAMS 0x0000000714a00000| PB 0x0000000714a00000| Untracked |  0
|  132|0x0000000714c00000, 0x0000000714c00000, 0x0000000714e00000|  0%| F|  |TAMS 0x0000000714c00000| PB 0x0000000714c00000| Untracked |  0
|  133|0x0000000714e00000, 0x0000000714e00000, 0x0000000715000000|  0%| F|  |TAMS 0x0000000714e00000| PB 0x0000000714e00000| Untracked |  0
|  134|0x0000000715000000, 0x0000000715000000, 0x0000000715200000|  0%| F|  |TAMS 0x0000000715000000| PB 0x0000000715000000| Untracked |  0
|  135|0x0000000715200000, 0x0000000715200000, 0x0000000715400000|  0%| F|  |TAMS 0x0000000715200000| PB 0x0000000715200000| Untracked |  0
|  136|0x0000000715400000, 0x0000000715400000, 0x0000000715600000|  0%| F|  |TAMS 0x0000000715400000| PB 0x0000000715400000| Untracked |  0
|  137|0x0000000715600000, 0x0000000715600000, 0x0000000715800000|  0%| F|  |TAMS 0x0000000715600000| PB 0x0000000715600000| Untracked |  0
|  138|0x0000000715800000, 0x0000000715800000, 0x0000000715a00000|  0%| F|  |TAMS 0x0000000715800000| PB 0x0000000715800000| Untracked |  0
|  139|0x0000000715a00000, 0x0000000715a00000, 0x0000000715c00000|  0%| F|  |TAMS 0x0000000715a00000| PB 0x0000000715a00000| Untracked |  0
|  140|0x0000000715c00000, 0x0000000715c00000, 0x0000000715e00000|  0%| F|  |TAMS 0x0000000715c00000| PB 0x0000000715c00000| Untracked |  0
|  141|0x0000000715e00000, 0x0000000715e00000, 0x0000000716000000|  0%| F|  |TAMS 0x0000000715e00000| PB 0x0000000715e00000| Untracked |  0
|  142|0x0000000716000000, 0x0000000716000000, 0x0000000716200000|  0%| F|  |TAMS 0x0000000716000000| PB 0x0000000716000000| Untracked |  0
|  143|0x0000000716200000, 0x0000000716200000, 0x0000000716400000|  0%| F|  |TAMS 0x0000000716200000| PB 0x0000000716200000| Untracked |  0
|  144|0x0000000716400000, 0x0000000716400000, 0x0000000716600000|  0%| F|  |TAMS 0x0000000716400000| PB 0x0000000716400000| Untracked |  0
|  145|0x0000000716600000, 0x0000000716600000, 0x0000000716800000|  0%| F|  |TAMS 0x0000000716600000| PB 0x0000000716600000| Untracked |  0
|  146|0x0000000716800000, 0x0000000716800000, 0x0000000716a00000|  0%| F|  |TAMS 0x0000000716800000| PB 0x0000000716800000| Untracked |  0
|  147|0x0000000716a00000, 0x0000000716a00000, 0x0000000716c00000|  0%| F|  |TAMS 0x0000000716a00000| PB 0x0000000716a00000| Untracked |  0
|  148|0x0000000716c00000, 0x0000000716c00000, 0x0000000716e00000|  0%| F|  |TAMS 0x0000000716c00000| PB 0x0000000716c00000| Untracked |  0
|  149|0x0000000716e00000, 0x0000000716e00000, 0x0000000717000000|  0%| F|  |TAMS 0x0000000716e00000| PB 0x0000000716e00000| Untracked |  0
|  150|0x0000000717000000, 0x0000000717000000, 0x0000000717200000|  0%| F|  |TAMS 0x0000000717000000| PB 0x0000000717000000| Untracked |  0
|  151|0x0000000717200000, 0x0000000717200000, 0x0000000717400000|  0%| F|  |TAMS 0x0000000717200000| PB 0x0000000717200000| Untracked |  0
|  152|0x0000000717400000, 0x0000000717400000, 0x0000000717600000|  0%| F|  |TAMS 0x0000000717400000| PB 0x0000000717400000| Untracked |  0
|  153|0x0000000717600000, 0x0000000717663000, 0x0000000717800000| 19%| E|CS|TAMS 0x0000000717600000| PB 0x0000000717600000| Complete  |  0
|  154|0x0000000717800000, 0x0000000717a00000, 0x0000000717a00000|100%| E|CS|TAMS 0x0000000717800000| PB 0x0000000717800000| Complete  |  0
|  155|0x0000000717a00000, 0x0000000717c00000, 0x0000000717c00000|100%| E|CS|TAMS 0x0000000717a00000| PB 0x0000000717a00000| Complete  |  0
|  156|0x0000000717c00000, 0x0000000717e00000, 0x0000000717e00000|100%| E|CS|TAMS 0x0000000717c00000| PB 0x0000000717c00000| Complete  |  0
|  157|0x0000000717e00000, 0x0000000718000000, 0x0000000718000000|100%| E|CS|TAMS 0x0000000717e00000| PB 0x0000000717e00000| Complete  |  0
|  158|0x0000000718000000, 0x0000000718200000, 0x0000000718200000|100%| E|CS|TAMS 0x0000000718000000| PB 0x0000000718000000| Complete  |  0
|  159|0x0000000718200000, 0x0000000718400000, 0x0000000718400000|100%| E|CS|TAMS 0x0000000718200000| PB 0x0000000718200000| Complete  |  0
| 2012|0x00000007ffc00000, 0x00000007ffe00000, 0x00000007ffe00000|100%| O|  |TAMS 0x00000007ffc00000| PB 0x00000007ffc00000| Untracked |  0
| 2013|0x00000007ffe00000, 0x0000000800000000, 0x0000000800000000|100%| E|CS|TAMS 0x00000007ffe00000| PB 0x00000007ffe00000| Complete  |  0

Card table byte_map: [0x0000027efe6e0000,0x0000027efeec0000] _byte_map_base: 0x0000027efaebe000
Refinement table byte_map: [0x0000027efeec0000,0x0000027eff6a0000] _byte_map_base: 0x0000027efb69e000

Marking Bits: (CMBitMap*) 0x0000027ef4f86830
 Bits: [0x0000027e8f020000, 0x0000027e92f10000)

Polling page: 0x0000027ef2d50000

Metaspace:
Metaspace        used 75597K, committed 76160K, reserved 1114112K
 class space     used 10943K, committed 11200K, reserved 1048576K

Usage:
  Non-class:     63.14 MB used.
      Class:     10.69 MB used.
       Both:     73.83 MB used.

Virtual space:
  Non-class space:       64.00 MB reserved,      63.44 MB (>99%) committed,  1 nodes.
      Class space:        1.00 GB reserved,      10.94 MB (  1%) committed,  1 nodes.
             Both:        1.06 GB reserved,      74.38 MB (  7%) committed. 

Chunk freelists:
   Non-Class:  576.00 KB
       Class:  5.06 MB
        Both:  5.62 MB

MaxMetaspaceSize: unlimited
CompressedClassSpaceSize: 1.00 GB
Initial GC threshold: 21.00 MB
Current GC threshold: 100.31 MB
CDS: on
 - commit_granule_bytes: 65536.
 - commit_granule_words: 8192.
 - virtual_space_node_default_size: 8388608.
 - enlarge_chunks_in_place: 1.
UseCompressedClassPointers 1, UseCompactObjectHeaders 0
Narrow klass pointer bits 32, Max shift 3
Narrow klass base: 0x000000008c000000, Narrow klass shift: 0
Encoding Range: [0x000000008c000000 - 0x000000018c000000), (4294967296 bytes)
Klass Range:    [0x000000008c000000 - 0x00000000cd000000), (1090519040 bytes)
Klass ID Range:  [8 - 1090519033) (1090519025)
Protection zone: [0x000000008c000000 - 0x000000008c010000), (65536 bytes)


Internal statistics:

num_allocs_failed_limit: 20.
num_arena_births: 674.
num_arena_deaths: 0.
num_vsnodes_births: 2.
num_vsnodes_deaths: 0.
num_space_committed: 1190.
num_space_uncommitted: 0.
num_chunks_returned_to_freelist: 20.
num_chunks_taken_from_freelist: 3262.
num_chunk_merges: 20.
num_chunk_splits: 2415.
num_chunks_enlarged: 2020.
num_inconsistent_stats: 0.

CodeHeap 'non-profiled nmethods': size=120064Kb used=2714Kb max_used=2714Kb free=117349Kb
 bounds [0x0000027e87ae0000, 0x0000027e87d90000, 0x0000027e8f020000]
CodeHeap 'profiled nmethods': size=120064Kb used=8890Kb max_used=8890Kb free=111173Kb
 bounds [0x0000027e80000000, 0x0000027e808b0000, 0x0000027e87540000]
CodeHeap 'non-nmethods': size=5760Kb used=1825Kb max_used=1958Kb free=3934Kb
 bounds [0x0000027e87540000, 0x0000027e877b0000, 0x0000027e87ae0000]
CodeCache: size=245888Kb, used=13429Kb, max_used=13562Kb, free=232456Kb
 total_blobs=6521, nmethods=5770, adapters=654, full_count=0
Compilation: enabled, stopped_count=0, restarted_count=0

Compilation events (20 events):
Event: 13.715 Thread 0x0000027e950a08c0 6432       4       org.springframework.core.ResolvableType::forType (112 bytes)
Event: 13.722 Thread 0x0000027e950a8590 6521       3       org.springframework.core.annotation.AttributeMethods::isAttributeMethod (23 bytes)
Event: 13.722 Thread 0x0000027e950a8590 nmethod 6521 0x0000027e808ac708 code [0x0000027e808ac800, 0x0000027e808acae0]
Event: 13.722 Thread 0x0000027e950a8590 6522   !   3       jdk.proxy1.$Proxy7::annotationType (28 bytes)
Event: 13.723 Thread 0x0000027e950a8590 nmethod 6522 0x0000027e808acb08 code [0x0000027e808acc00, 0x0000027e808acfc8]
Event: 13.728 Thread 0x0000027e950a8590 6523       3       org.junit.platform.commons.util.AnnotationUtils::findAnnotation (193 bytes)
Event: 13.731 Thread 0x0000027e950a8590 nmethod 6523 0x0000027e808ad008 code [0x0000027e808ad100, 0x0000027e808ae578]
Event: 13.831 Thread 0x0000027e950a8590 6528       3       java.lang.invoke.MethodType::methodType (44 bytes)
Event: 13.831 Thread 0x0000027e950a8590 nmethod 6528 0x0000027e808ae608 code [0x0000027e808ae700, 0x0000027e808aeb60]
Event: 13.868 Thread 0x0000027e95162760 nmethod 6457 0x0000027e87d82208 code [0x0000027e87d82300, 0x0000027e87d85428]
Event: 13.868 Thread 0x0000027e95162760 6524       4       java.lang.invoke.MemberName::getMethodOrFieldType (72 bytes)
Event: 13.873 Thread 0x0000027e95162760 nmethod 6524 0x0000027e87d85508 code [0x0000027e87d85600, 0x0000027e87d85b70]
Event: 13.873 Thread 0x0000027e95162760 6526       4       java.lang.invoke.LambdaForm::useCount (107 bytes)
Event: 13.879 Thread 0x0000027e95162760 nmethod 6526 0x0000027e87d85b88 code [0x0000027e87d85c80, 0x0000027e87d85ee8]
Event: 13.879 Thread 0x0000027e95162760 6525       4       java.lang.invoke.MethodHandles$Lookup::isClassAccessible (53 bytes)
Event: 13.880 Thread 0x0000027e95162760 nmethod 6525 0x0000027e87d85f08 code [0x0000027e87d86000, 0x0000027e87d86120]
Event: 13.880 Thread 0x0000027e95162760 6168   !   4       java.nio.ByteBuffer::wrap (21 bytes)
Event: 13.883 Thread 0x0000027e95162760 nmethod 6168 0x0000027e87d86208 code [0x0000027e87d86300, 0x0000027e87d86538]
Event: 13.883 Thread 0x0000027e95162760 6527       4       java.lang.invoke.MethodHandleStatics::dumper (4 bytes)
Event: 13.883 Thread 0x0000027e95162760 nmethod 6527 0x0000027e87d86588 code [0x0000027e87d86680, 0x0000027e87d866e0]

GC Heap Usage History (20 events):
Event: 0.932 {heap Before GC invocations=6 (full 0):
 garbage-first heap   total reserved 4124672K, committed 36864K, used 20034K [0x0000000704400000, 0x0000000800000000)
  region size 2M, 5 eden (10M), 1 survivor (2M), 5 old (10M), 0 humongous (0M), 7 free (14M)
}
Event: 0.935 {heap After GC invocations=7 (full 0):
 garbage-first heap   total reserved 4124672K, committed 110592K, used 10480K [0x0000000704400000, 0x0000000800000000)
  region size 2M, 0 eden (0M), 1 survivor (2M), 5 old (10M), 0 humongous (0M), 48 free (96M)
}
Event: 1.860 {heap Before GC invocations=7 (full 0):
 garbage-first heap   total reserved 4124672K, committed 110592K, used 57584K [0x0000000704400000, 0x0000000800000000)
  region size 2M, 23 eden (46M), 1 survivor (2M), 5 old (10M), 0 humongous (0M), 25 free (50M)
}
Event: 1.868 {heap After GC invocations=8 (full 0):
 garbage-first heap   total reserved 4124672K, committed 110592K, used 14304K [0x0000000704400000, 0x0000000800000000)
  region size 2M, 0 eden (0M), 3 survivor (6M), 5 old (10M), 0 humongous (0M), 46 free (92M)
}
Event: 1.932 {heap Before GC invocations=8 (full 0):
 garbage-first heap   total reserved 4124672K, committed 110592K, used 18400K [0x0000000704400000, 0x0000000800000000)
  region size 2M, 3 eden (6M), 3 survivor (6M), 5 old (10M), 0 humongous (0M), 43 free (86M)
}
Event: 1.937 {heap After GC invocations=9 (full 0):
 garbage-first heap   total reserved 4124672K, committed 110592K, used 14784K [0x0000000704400000, 0x0000000800000000)
  region size 2M, 0 eden (0M), 3 survivor (6M), 6 old (12M), 0 humongous (0M), 45 free (90M)
}
Event: 3.215 {heap Before GC invocations=10 (full 0):
 garbage-first heap   total reserved 4124672K, committed 110592K, used 74176K [0x0000000704400000, 0x0000000800000000)
  region size 2M, 29 eden (58M), 3 survivor (6M), 6 old (12M), 0 humongous (0M), 16 free (32M)
}
Event: 3.239 {heap After GC invocations=11 (full 0):
 garbage-first heap   total reserved 4124672K, committed 110592K, used 21279K [0x0000000704400000, 0x0000000800000000)
  region size 2M, 0 eden (0M), 4 survivor (8M), 8 old (16M), 0 humongous (0M), 42 free (84M)
}
Event: 4.521 {heap Before GC invocations=11 (full 0):
 garbage-first heap   total reserved 4124672K, committed 110592K, used 43807K [0x0000000704400000, 0x0000000800000000)
  region size 2M, 12 eden (24M), 4 survivor (8M), 8 old (16M), 0 humongous (0M), 30 free (60M)
}
Event: 4.561 {heap After GC invocations=12 (full 0):
 garbage-first heap   total reserved 4124672K, committed 110592K, used 24363K [0x0000000704400000, 0x0000000800000000)
  region size 2M, 0 eden (0M), 2 survivor (4M), 11 old (22M), 0 humongous (0M), 41 free (82M)
}
Event: 4.630 {heap Before GC invocations=12 (full 0):
 garbage-first heap   total reserved 4124672K, committed 110592K, used 24363K [0x0000000704400000, 0x0000000800000000)
  region size 2M, 1 eden (2M), 2 survivor (4M), 11 old (22M), 0 humongous (0M), 40 free (80M)
}
Event: 4.641 {heap After GC invocations=13 (full 0):
 garbage-first heap   total reserved 4124672K, committed 110592K, used 24081K [0x0000000704400000, 0x0000000800000000)
  region size 2M, 0 eden (0M), 2 survivor (4M), 11 old (22M), 0 humongous (0M), 41 free (82M)
}
Event: 8.621 {heap Before GC invocations=14 (full 0):
 garbage-first heap   total reserved 4124672K, committed 110592K, used 85521K [0x0000000704400000, 0x0000000800000000)
  region size 2M, 30 eden (60M), 2 survivor (4M), 11 old (22M), 0 humongous (0M), 11 free (22M)
}
Event: 8.643 {heap After GC invocations=15 (full 0):
 garbage-first heap   total reserved 4124672K, committed 110592K, used 29258K [0x0000000704400000, 0x0000000800000000)
  region size 2M, 0 eden (0M), 4 survivor (8M), 11 old (22M), 0 humongous (0M), 39 free (78M)
}
Event: 9.514 {heap Before GC invocations=15 (full 0):
 garbage-first heap   total reserved 4124672K, committed 110592K, used 41546K [0x0000000704400000, 0x0000000800000000)
  region size 2M, 8 eden (16M), 4 survivor (8M), 11 old (22M), 0 humongous (0M), 31 free (62M)
}
Event: 9.563 {heap After GC invocations=16 (full 0):
 garbage-first heap   total reserved 4124672K, committed 110592K, used 29689K [0x0000000704400000, 0x0000000800000000)
  region size 2M, 0 eden (0M), 1 survivor (2M), 14 old (28M), 0 humongous (0M), 39 free (78M)
}
Event: 9.620 {heap Before GC invocations=16 (full 0):
 garbage-first heap   total reserved 4124672K, committed 110592K, used 29689K [0x0000000704400000, 0x0000000800000000)
  region size 2M, 1 eden (2M), 1 survivor (2M), 14 old (28M), 0 humongous (0M), 38 free (76M)
}
Event: 9.625 {heap After GC invocations=17 (full 0):
 garbage-first heap   total reserved 4124672K, committed 110592K, used 29327K [0x0000000704400000, 0x0000000800000000)
  region size 2M, 0 eden (0M), 1 survivor (2M), 14 old (28M), 0 humongous (0M), 39 free (78M)
}
Event: 13.098 {heap Before GC invocations=18 (full 0):
 garbage-first heap   total reserved 4124672K, committed 110592K, used 92815K [0x0000000704400000, 0x0000000800000000)
  region size 2M, 31 eden (62M), 1 survivor (2M), 14 old (28M), 0 humongous (0M), 8 free (16M)
}
Event: 13.121 {heap After GC invocations=19 (full 0):
 garbage-first heap   total reserved 4124672K, committed 331776K, used 33673K [0x0000000704400000, 0x0000000800000000)
  region size 2M, 0 eden (0M), 3 survivor (6M), 14 old (28M), 0 humongous (0M), 145 free (290M)
}

Metaspace Usage History (20 events):
Event: 0.932 {metaspace Before GC invocations=6 (full 0):
 Metaspace       used 8375K, committed 8576K, reserved 1114112K
  class space    used 1108K, committed 1216K, reserved 1048576K
}
Event: 0.935 {metaspace After GC invocations=7 (full 0):
 Metaspace       used 8375K, committed 8576K, reserved 1114112K
  class space    used 1108K, committed 1216K, reserved 1048576K
}
Event: 1.860 {metaspace Before GC invocations=7 (full 0):
 Metaspace       used 19685K, committed 19968K, reserved 1114112K
  class space    used 2706K, committed 2816K, reserved 1048576K
}
Event: 1.868 {metaspace After GC invocations=8 (full 0):
 Metaspace       used 19685K, committed 19968K, reserved 1114112K
  class space    used 2706K, committed 2816K, reserved 1048576K
}
Event: 1.932 {metaspace Before GC invocations=8 (full 0):
 Metaspace       used 21263K, committed 21504K, reserved 1114112K
  class space    used 2908K, committed 3008K, reserved 1048576K
}
Event: 1.937 {metaspace After GC invocations=9 (full 0):
 Metaspace       used 21263K, committed 21504K, reserved 1114112K
  class space    used 2908K, committed 3008K, reserved 1048576K
}
Event: 3.215 {metaspace Before GC invocations=10 (full 0):
 Metaspace       used 31201K, committed 31552K, reserved 1114112K
  class space    used 4320K, committed 4480K, reserved 1048576K
}
Event: 3.239 {metaspace After GC invocations=11 (full 0):
 Metaspace       used 31201K, committed 31552K, reserved 1114112K
  class space    used 4320K, committed 4480K, reserved 1048576K
}
Event: 4.521 {metaspace Before GC invocations=11 (full 0):
 Metaspace       used 35820K, committed 36160K, reserved 1114112K
  class space    used 4953K, committed 5120K, reserved 1048576K
}
Event: 4.561 {metaspace After GC invocations=12 (full 0):
 Metaspace       used 35820K, committed 36160K, reserved 1114112K
  class space    used 4953K, committed 5120K, reserved 1048576K
}
Event: 4.630 {metaspace Before GC invocations=12 (full 0):
 Metaspace       used 36118K, committed 36480K, reserved 1114112K
  class space    used 4989K, committed 5184K, reserved 1048576K
}
Event: 4.641 {metaspace After GC invocations=13 (full 0):
 Metaspace       used 36118K, committed 36480K, reserved 1114112K
  class space    used 4989K, committed 5184K, reserved 1048576K
}
Event: 8.621 {metaspace Before GC invocations=14 (full 0):
 Metaspace       used 55492K, committed 55936K, reserved 1114112K
  class space    used 7802K, committed 8000K, reserved 1048576K
}
Event: 8.643 {metaspace After GC invocations=15 (full 0):
 Metaspace       used 55492K, committed 55936K, reserved 1114112K
  class space    used 7802K, committed 8000K, reserved 1048576K
}
Event: 9.514 {metaspace Before GC invocations=15 (full 0):
 Metaspace       used 60467K, committed 60928K, reserved 1114112K
  class space    used 8511K, committed 8704K, reserved 1048576K
}
Event: 9.563 {metaspace After GC invocations=16 (full 0):
 Metaspace       used 60467K, committed 60928K, reserved 1114112K
  class space    used 8511K, committed 8704K, reserved 1048576K
}
Event: 9.620 {metaspace Before GC invocations=16 (full 0):
 Metaspace       used 60802K, committed 61248K, reserved 1114112K
  class space    used 8664K, committed 8896K, reserved 1048576K
}
Event: 9.625 {metaspace After GC invocations=17 (full 0):
 Metaspace       used 60802K, committed 61248K, reserved 1114112K
  class space    used 8664K, committed 8896K, reserved 1048576K
}
Event: 13.098 {metaspace Before GC invocations=18 (full 0):
 Metaspace       used 73237K, committed 73792K, reserved 1114112K
  class space    used 10602K, committed 10816K, reserved 1048576K
}
Event: 13.121 {metaspace After GC invocations=19 (full 0):
 Metaspace       used 73237K, committed 73792K, reserved 1114112K
  class space    used 10602K, committed 10816K, reserved 1048576K
}

Dll operation events (18 events):
Event: 0.006 Attempting to load shared library C:\Program Files\Java\jdk-26.0.1\bin\java.dll
Event: 0.010 Loaded shared library C:\Program Files\Java\jdk-26.0.1\bin\java.dll
Event: 0.042 Attempting to load shared library C:\Program Files\Java\jdk-26.0.1\bin\net.dll
Event: 0.042 Loaded shared library C:\Program Files\Java\jdk-26.0.1\bin\net.dll
Event: 0.044 Attempting to load shared library C:\Program Files\Java\jdk-26.0.1\bin\nio.dll
Event: 0.045 Loaded shared library C:\Program Files\Java\jdk-26.0.1\bin\nio.dll
Event: 0.047 Attempting to load shared library C:\Program Files\Java\jdk-26.0.1\bin\zip.dll
Event: 0.048 Loaded shared library C:\Program Files\Java\jdk-26.0.1\bin\zip.dll
Event: 0.099 Attempting to load shared library C:\Program Files\Java\jdk-26.0.1\bin\management.dll
Event: 0.100 Loaded shared library C:\Program Files\Java\jdk-26.0.1\bin\management.dll
Event: 0.101 Attempting to load shared library C:\Program Files\Java\jdk-26.0.1\bin\management_ext.dll
Event: 0.102 Loaded shared library C:\Program Files\Java\jdk-26.0.1\bin\management_ext.dll
Event: 0.120 Attempting to load shared library C:\Program Files\Java\jdk-26.0.1\bin\jimage.dll
Event: 0.120 Loaded shared library C:\Program Files\Java\jdk-26.0.1\bin\jimage.dll
Event: 2.085 Attempting to load shared library C:\Program Files\Java\jdk-26.0.1\bin\sunmscapi.dll
Event: 2.089 Loaded shared library C:\Program Files\Java\jdk-26.0.1\bin\sunmscapi.dll
Event: 6.972 Attempting to load shared library C:\Program Files\Java\jdk-26.0.1\bin\extnet.dll
Event: 6.973 Loaded shared library C:\Program Files\Java\jdk-26.0.1\bin\extnet.dll

Deoptimization events (20 events):
Event: 13.735 Thread 0x0000027ef2bd9140 Uncommon trap: trap_request=0xffffff45 fr.pc=0x0000027e87c25864 relative=0x00000000000006e4
Event: 13.735 Thread 0x0000027ef2bd9140 Uncommon trap: reason=unstable_if action=reinterpret pc=0x0000027e87c25864 method=java.util.jar.JarFile.getManifestFromReference()Ljava/util/jar/Manifest; @ 32 c2
Event: 13.735 Thread 0x0000027ef2bd9140 DEOPT PACKING pc=0x0000027e87c25864 sp=0x000000dd0e3fba90
Event: 13.735 Thread 0x0000027ef2bd9140 DEOPT UNPACKING pc=0x0000027e87673a02 sp=0x000000dd0e3fb990 mode 2
Event: 13.754 Thread 0x0000027ef2bd9140 Uncommon trap: trap_request=0xffffffde fr.pc=0x0000027e87c526b0 relative=0x00000000000008b0
Event: 13.754 Thread 0x0000027ef2bd9140 Uncommon trap: reason=class_check action=maybe_recompile pc=0x0000027e87c526b0 method=org.springframework.core.annotation.AnnotationsScanner.isWithoutHierarchy(Ljava/lang/reflect/AnnotatedElement;Ljava/util/function/Predicate;)Z @ 45 c2
Event: 13.754 Thread 0x0000027ef2bd9140 DEOPT PACKING pc=0x0000027e87c526b0 sp=0x000000dd0e3fc9f0
Event: 13.754 Thread 0x0000027ef2bd9140 DEOPT UNPACKING pc=0x0000027e87673a02 sp=0x000000dd0e3fc898 mode 2
Event: 13.754 Thread 0x0000027ef2bd9140 Uncommon trap: trap_request=0xffffffde fr.pc=0x0000027e87d521b4 relative=0x0000000000003ab4
Event: 13.754 Thread 0x0000027ef2bd9140 Uncommon trap: reason=class_check action=maybe_recompile pc=0x0000027e87d521b4 method=org.springframework.core.annotation.AnnotationsScanner.processClassHierarchy(Ljava/lang/Object;[ILjava/lang/Class;Lorg/springframework/core/annotation/AnnotationsProcess
Event: 13.754 Thread 0x0000027ef2bd9140 DEOPT PACKING pc=0x0000027e87d521b4 sp=0x000000dd0e3fc7a0
Event: 13.755 Thread 0x0000027ef2bd9140 DEOPT UNPACKING pc=0x0000027e87673a02 sp=0x000000dd0e3fc7c0 mode 2
Event: 13.758 Thread 0x0000027ef2bd9140 Uncommon trap: trap_request=0xffffffde fr.pc=0x0000027e87c526b0 relative=0x00000000000008b0
Event: 13.758 Thread 0x0000027ef2bd9140 Uncommon trap: reason=class_check action=maybe_recompile pc=0x0000027e87c526b0 method=org.springframework.core.annotation.AnnotationsScanner.isWithoutHierarchy(Ljava/lang/reflect/AnnotatedElement;Ljava/util/function/Predicate;)Z @ 45 c2
Event: 13.758 Thread 0x0000027ef2bd9140 DEOPT PACKING pc=0x0000027e87c526b0 sp=0x000000dd0e3fc950
Event: 13.758 Thread 0x0000027ef2bd9140 DEOPT UNPACKING pc=0x0000027e87673a02 sp=0x000000dd0e3fc7f8 mode 2
Event: 13.758 Thread 0x0000027ef2bd9140 Uncommon trap: trap_request=0xffffffde fr.pc=0x0000027e87d521b4 relative=0x0000000000003ab4
Event: 13.758 Thread 0x0000027ef2bd9140 Uncommon trap: reason=class_check action=maybe_recompile pc=0x0000027e87d521b4 method=org.springframework.core.annotation.AnnotationsScanner.processClassHierarchy(Ljava/lang/Object;[ILjava/lang/Class;Lorg/springframework/core/annotation/AnnotationsProcess
Event: 13.758 Thread 0x0000027ef2bd9140 DEOPT PACKING pc=0x0000027e87d521b4 sp=0x000000dd0e3fc700
Event: 13.758 Thread 0x0000027ef2bd9140 DEOPT UNPACKING pc=0x0000027e87673a02 sp=0x000000dd0e3fc720 mode 2

Classes loaded (20 events):
Event: 13.813 Loading class java/lang/management/ThreadMXBean
Event: 13.813 Loading class java/lang/management/ThreadMXBean done
Event: 13.835 Loading class java/util/jar/JarInputStream
Event: 13.836 Loading class java/util/zip/ZipInputStream
Event: 13.836 Loading class java/util/zip/ZipInputStream done
Event: 13.836 Loading class java/util/jar/JarInputStream done
Event: 13.837 Loading class java/io/PushbackInputStream
Event: 13.837 Loading class java/io/PushbackInputStream done
Event: 13.838 Loading class sun/security/util/ManifestEntryVerifier
Event: 13.838 Loading class sun/security/util/ManifestEntryVerifier done
Event: 13.842 Loading class java/lang/ProcessBuilder
Event: 13.843 Loading class java/lang/ProcessBuilder done
Event: 13.843 Loading class java/lang/ProcessImpl
Event: 13.844 Loading class java/lang/ProcessImpl done
Event: 13.855 Loading class java/lang/Process$PipeOutputStream
Event: 13.855 Loading class java/lang/Process$PipeOutputStream done
Event: 13.856 Loading class java/lang/Process$PipeInputStream
Event: 13.856 Loading class java/lang/Process$PipeInputStream done
Event: 13.857 Loading class jdk/internal/event/ProcessStartEvent
Event: 13.858 Loading class jdk/internal/event/ProcessStartEvent done

Classes unloaded (0 events):
No events

Classes redefined (0 events):
No events

Internal exceptions (20 events):
Event: 12.998 Thread 0x0000027ef2bd9140 Implicit null exception at 0x0000027e87c0f228 to 0x0000027e87c0f2f6
Event: 13.176 Thread 0x0000027ef2bd9140 Exception <a 'java/lang/NoSuchMethodError'{0x00000007ffed52e8}: 'int java.lang.invoke.DirectMethodHandle$Holder.invokeStaticInit(java.lang.Object, java.lang.Object, java.lang.Object, java.lang.Object)'> (0x00000007ffed52e8) 
thrown [s\open\src\hotspot\share\interpreter\linkResolver.cpp, line 804]
Event: 13.377 Thread 0x0000027ef2bd9140 Exception <a 'java/lang/IncompatibleClassChangeError'{0x000000071805e928}: Found class java.lang.Object, but interface was expected> (0x000000071805e928) 
thrown [s\open\src\hotspot\share\interpreter\linkResolver.cpp, line 871]
Event: 13.396 Thread 0x0000027ef2bd9140 Implicit null exception at 0x0000027e87c4c525 to 0x0000027e87c4c66c
Event: 13.589 Thread 0x0000027ef2bd9140 Exception <a 'java/lang/NoSuchMethodError'{0x0000000717c2ccd8}: 'void java.lang.invoke.DirectMethodHandle$Holder.invokeInterface(java.lang.Object, java.lang.Object, int)'> (0x0000000717c2ccd8) 
thrown [s\open\src\hotspot\share\interpreter\linkResolver.cpp, line 804]
Event: 13.594 Thread 0x0000027ef2bd9140 Exception <a 'java/lang/IncompatibleClassChangeError'{0x0000000717c54b60}: Found class java.lang.Object, but interface was expected> (0x0000000717c54b60) 
thrown [s\open\src\hotspot\share\interpreter\linkResolver.cpp, line 871]
Event: 13.595 Thread 0x0000027ef2bd9140 Exception <a 'java/lang/IncompatibleClassChangeError'{0x0000000717c651f8}: Found class java.lang.Object, but interface was expected> (0x0000000717c651f8) 
thrown [s\open\src\hotspot\share\interpreter\linkResolver.cpp, line 871]
Event: 13.596 Thread 0x0000027ef2bd9140 Exception <a 'java/lang/IncompatibleClassChangeError'{0x0000000717c75a58}: Found class java.lang.Object, but interface was expected> (0x0000000717c75a58) 
thrown [s\open\src\hotspot\share\interpreter\linkResolver.cpp, line 871]
Event: 13.597 Thread 0x0000027ef2bd9140 Exception <a 'java/lang/IncompatibleClassChangeError'{0x0000000717c86538}: Found class java.lang.Object, but interface was expected> (0x0000000717c86538) 
thrown [s\open\src\hotspot\share\interpreter\linkResolver.cpp, line 871]
Event: 13.599 Thread 0x0000027ef2bd9140 Exception <a 'java/lang/IncompatibleClassChangeError'{0x0000000717ca6d68}: Found class java.lang.Object, but interface was expected> (0x0000000717ca6d68) 
thrown [s\open\src\hotspot\share\interpreter\linkResolver.cpp, line 871]
Event: 13.602 Thread 0x0000027ef2bd9140 Exception <a 'java/lang/IncompatibleClassChangeError'{0x0000000717ce6998}: Found class java.lang.Object, but interface was expected> (0x0000000717ce6998) 
thrown [s\open\src\hotspot\share\interpreter\linkResolver.cpp, line 871]
Event: 13.603 Thread 0x0000027ef2bd9140 Exception <a 'java/lang/IncompatibleClassChangeError'{0x0000000717cef728}: Found class java.lang.Object, but interface was expected> (0x0000000717cef728) 
thrown [s\open\src\hotspot\share\interpreter\linkResolver.cpp, line 871]
Event: 13.606 Thread 0x0000027ef2bd9140 Exception <a 'java/lang/IncompatibleClassChangeError'{0x0000000717d17780}: Found class java.lang.Object, but interface was expected> (0x0000000717d17780) 
thrown [s\open\src\hotspot\share\interpreter\linkResolver.cpp, line 871]
Event: 13.608 Thread 0x0000027ef2bd9140 Exception <a 'java/lang/IncompatibleClassChangeError'{0x0000000717d28200}: Found class java.lang.Object, but interface was expected> (0x0000000717d28200) 
thrown [s\open\src\hotspot\share\interpreter\linkResolver.cpp, line 871]
Event: 13.610 Thread 0x0000027ef2bd9140 Exception <a 'java/lang/IncompatibleClassChangeError'{0x0000000717d40de8}: Found class java.lang.Object, but interface was expected> (0x0000000717d40de8) 
thrown [s\open\src\hotspot\share\interpreter\linkResolver.cpp, line 871]
Event: 13.611 Thread 0x0000027ef2bd9140 Exception <a 'java/lang/NoSuchMethodError'{0x0000000717d52fd8}: 'void java.lang.invoke.DirectMethodHandle$Holder.invokeStatic(java.lang.Object, int, java.lang.Object)'> (0x0000000717d52fd8) 
thrown [s\open\src\hotspot\share\interpreter\linkResolver.cpp, line 804]
Event: 13.654 Thread 0x0000027ef2bd9140 Exception <a 'java/lang/NoSuchMethodError'{0x0000000717a88288}: 'java.lang.Object java.lang.invoke.DirectMethodHandle$Holder.newInvokeSpecial(java.lang.Object, java.lang.Object, int, java.lang.Object, java.lang.Object)'> (0x0000000717a88288) 
thrown [s\open\src\hotspot\share\interpreter\linkResolver.cpp, line 804]
Event: 13.656 Thread 0x0000027ef2bd9140 Exception <a 'java/lang/NoSuchMethodError'{0x0000000717a98be8}: 'java.lang.Object java.lang.invoke.Invokers$Holder.linkToTargetMethod(java.lang.Object, int, java.lang.Object, java.lang.Object, java.lang.Object)'> (0x0000000717a98be8) 
thrown [s\open\src\hotspot\share\interpreter\linkResolver.cpp, line 804]
Event: 13.831 Thread 0x0000027ef2bd9140 Exception <a 'java/lang/NoSuchMethodError'{0x000000071799c830}: 'long java.lang.invoke.DelegatingMethodHandle$Holder.reinvoke_L(java.lang.Object, java.lang.Object)'> (0x000000071799c830) 
thrown [s\open\src\hotspot\share\interpreter\linkResolver.cpp, line 804]
Event: 13.854 Thread 0x0000027ef2bd9140 Exception <a 'java/lang/NoSuchMethodError'{0x00000007179cf720}: 'void java.lang.invoke.DirectMethodHandle$Holder.invokeStatic(java.lang.Object, long)'> (0x00000007179cf720) 
thrown [s\open\src\hotspot\share\interpreter\linkResolver.cpp, line 804]

VM Operations (20 events):
Event: 9.986 Executing non-safepoint VM operation: HandshakeAllThreads (Deoptimize)
Event: 9.986 Executing non-safepoint VM operation: HandshakeAllThreads (Deoptimize) done
Event: 10.296 Executing non-safepoint VM operation: HandshakeAllThreads (Deoptimize)
Event: 10.296 Executing non-safepoint VM operation: HandshakeAllThreads (Deoptimize) done
Event: 11.049 Executing non-safepoint VM operation: HandshakeAllThreads (Deoptimize)
Event: 11.049 Executing non-safepoint VM operation: HandshakeAllThreads (Deoptimize) done
Event: 11.699 Executing non-safepoint VM operation: HandshakeAllThreads (Deoptimize)
Event: 11.699 Executing non-safepoint VM operation: HandshakeAllThreads (Deoptimize) done
Event: 12.867 Executing non-safepoint VM operation: HandshakeAllThreads (Deoptimize)
Event: 12.867 Executing non-safepoint VM operation: HandshakeAllThreads (Deoptimize) done
Event: 12.875 Executing non-safepoint VM operation: HandshakeAllThreads (Deoptimize)
Event: 12.875 Executing non-safepoint VM operation: HandshakeAllThreads (Deoptimize) done
Event: 12.877 Executing non-safepoint VM operation: HandshakeAllThreads (Deoptimize)
Event: 12.877 Executing non-safepoint VM operation: HandshakeAllThreads (Deoptimize) done
Event: 12.973 Executing non-safepoint VM operation: HandshakeAllThreads (Deoptimize)
Event: 12.974 Executing non-safepoint VM operation: HandshakeAllThreads (Deoptimize) done
Event: 13.094 Executing non-safepoint VM operation: HandshakeAllThreads (Deoptimize)
Event: 13.094 Executing non-safepoint VM operation: HandshakeAllThreads (Deoptimize) done
Event: 13.098 Executing safepoint VM operation: G1CollectForAllocation (G1 Evacuation Pause)
Event: 13.121 Executing safepoint VM operation: G1CollectForAllocation (G1 Evacuation Pause) done

Memory protections (0 events):
No events

Nmethod flushes (20 events):
Event: 9.706 Thread 0x0000027ef4fe4be0 flushing  nmethod 0x0000027e8054f208
Event: 9.706 Thread 0x0000027ef4fe4be0 flushing  nmethod 0x0000027e80552588
Event: 9.706 Thread 0x0000027ef4fe4be0 flushing  nmethod 0x0000027e8055dd88
Event: 9.706 Thread 0x0000027ef4fe4be0 flushing  nmethod 0x0000027e8055ef88
Event: 9.706 Thread 0x0000027ef4fe4be0 flushing  nmethod 0x0000027e805a5708
Event: 9.706 Thread 0x0000027ef4fe4be0 flushing  nmethod 0x0000027e805c3208
Event: 9.706 Thread 0x0000027ef4fe4be0 flushing  nmethod 0x0000027e805dd108
Event: 9.706 Thread 0x0000027ef4fe4be0 flushing  nmethod 0x0000027e805e0488
Event: 9.706 Thread 0x0000027ef4fe4be0 flushing  nmethod 0x0000027e805f8188
Event: 9.706 Thread 0x0000027ef4fe4be0 flushing  nmethod 0x0000027e80622508
Event: 9.706 Thread 0x0000027ef4fe4be0 flushing  nmethod 0x0000027e8064ca88
Event: 9.706 Thread 0x0000027ef4fe4be0 flushing  nmethod 0x0000027e8064de08
Event: 9.706 Thread 0x0000027ef4fe4be0 flushing  nmethod 0x0000027e80654c08
Event: 9.706 Thread 0x0000027ef4fe4be0 flushing  nmethod 0x0000027e80689508
Event: 9.706 Thread 0x0000027ef4fe4be0 flushing  nmethod 0x0000027e806dea88
Event: 9.706 Thread 0x0000027ef4fe4be0 flushing  nmethod 0x0000027e806dfe88
Event: 9.706 Thread 0x0000027ef4fe4be0 flushing  nmethod 0x0000027e80726608
Event: 9.706 Thread 0x0000027ef4fe4be0 flushing  nmethod 0x0000027e80726c88
Event: 9.706 Thread 0x0000027ef4fe4be0 flushing  nmethod 0x0000027e80728208
Event: 9.706 Thread 0x0000027ef4fe4be0 flushing  nmethod 0x0000027e80748e88

Events (20 events):
Event: 0.039 Thread 0x0000027ef2bd9140 Thread added: 0x0000027e951667c0
Event: 0.071 Thread 0x0000027e950a8590 Thread added: 0x0000027e9525ed20
Event: 0.225 Thread 0x0000027ef2bd9140 Thread added: 0x0000027e959de780
Event: 0.235 Thread 0x0000027ef2bd9140 Thread added: 0x0000027e959ddfb0
Event: 1.721 Thread 0x0000027ef2bd9140 Thread added: 0x0000027e959dd7e0
Event: 2.060 Thread 0x0000027ef2bd9140 Thread added: 0x0000027e9b83cd50
Event: 2.097 Thread 0x0000027e9b83cd50 Thread exited: 0x0000027e9b83cd50
Event: 2.460 Thread 0x0000027e959dd7e0 Thread exited: 0x0000027e959dd7e0
Event: 3.874 Thread 0x0000027ef2bd9140 Thread added: 0x0000027e9b4cb6e0
Event: 3.902 Thread 0x0000027e950a8590 Thread added: 0x0000027e9b1f8740
Event: 6.678 Thread 0x0000027e9b1f8740 Thread exited: 0x0000027e9b1f8740
Event: 7.076 Thread 0x0000027e9525ed20 Thread exited: 0x0000027e9525ed20
Event: 7.123 Thread 0x0000027e950a8590 Thread added: 0x0000027e9d7a0690
Event: 7.582 Thread 0x0000027e950a8590 Thread added: 0x0000027e9f5a3010
Event: 7.806 Thread 0x0000027ef2bd9140 Thread added: 0x0000027e9b24c770
Event: 7.927 Thread 0x0000027e9b24c770 Thread added: 0x0000027e959dd7e0
Event: 8.758 Thread 0x0000027e9f5a3010 Thread exited: 0x0000027e9f5a3010
Event: 8.776 Thread 0x0000027e9d7a0690 Thread exited: 0x0000027e9d7a0690
Event: 11.188 Thread 0x0000027e950a08c0 Thread added: 0x0000027e95162760
Event: 13.701 Thread 0x0000027e959dd7e0 Thread exited: 0x0000027e959dd7e0


Dynamic libraries:
0x00007ff681660000 - 0x00007ff681670000 	C:\Program Files\Java\jdk-26.0.1\bin\java.exe
0x00007ffe5e100000 - 0x00007ffe5e367000 	C:\Windows\SYSTEM32\ntdll.dll
0x00007ffe5d1b0000 - 0x00007ffe5d279000 	C:\Windows\System32\KERNEL32.DLL
0x00007ffe5b0a0000 - 0x00007ffe5b497000 	C:\Windows\System32\KERNELBASE.dll
0x00007ffe5ad60000 - 0x00007ffe5aeab000 	C:\Windows\System32\ucrtbase.dll
0x00007ffe2e430000 - 0x00007ffe2e44e000 	C:\Program Files\Java\jdk-26.0.1\bin\VCRUNTIME140.dll
0x00007ffe2e6a0000 - 0x00007ffe2e6b7000 	C:\Program Files\Java\jdk-26.0.1\bin\jli.dll
0x00007ffe5cdd0000 - 0x00007ffe5cf96000 	C:\Windows\System32\USER32.dll
0x00007ffe5b530000 - 0x00007ffe5b557000 	C:\Windows\System32\win32u.dll
0x00007ffe5d710000 - 0x00007ffe5d73b000 	C:\Windows\System32\GDI32.dll
0x00007ffe485f0000 - 0x00007ffe48882000 	C:\Windows\WinSxS\amd64_microsoft.windows.common-controls_6595b64144ccf1df_6.0.26100.8457_none_3e0b2faee331e92d\COMCTL32.dll
0x00007ffe5af70000 - 0x00007ffe5b09c000 	C:\Windows\System32\gdi32full.dll
0x00007ffe5dae0000 - 0x00007ffe5db89000 	C:\Windows\System32\msvcrt.dll
0x00007ffe5bdd0000 - 0x00007ffe5be73000 	C:\Windows\System32\msvcp_win.dll
0x00007ffe5da00000 - 0x00007ffe5da32000 	C:\Windows\System32\IMM32.DLL
0x00007ffe43460000 - 0x00007ffe4346c000 	C:\Program Files\Java\jdk-26.0.1\bin\vcruntime140_1.dll
0x00007ffdfd060000 - 0x00007ffdfd0ed000 	C:\Program Files\Java\jdk-26.0.1\bin\msvcp140.dll
0x00007ffd85250000 - 0x00007ffd8611e000 	C:\Program Files\Java\jdk-26.0.1\bin\server\jvm.dll
0x00007ffe5cd10000 - 0x00007ffe5cdc6000 	C:\Windows\System32\ADVAPI32.dll
0x00007ffe5be80000 - 0x00007ffe5bf27000 	C:\Windows\System32\sechost.dll
0x00007ffe5cb30000 - 0x00007ffe5cc48000 	C:\Windows\System32\RPCRT4.dll
0x00007ffe5da40000 - 0x00007ffe5dac0000 	C:\Windows\System32\WS2_32.dll
0x00007ffe5a990000 - 0x00007ffe5a9ee000 	C:\Windows\SYSTEM32\POWRPROF.dll
0x00007ffe578f0000 - 0x00007ffe57926000 	C:\Windows\SYSTEM32\WINMM.dll
0x00007ffe55970000 - 0x00007ffe5597b000 	C:\Windows\SYSTEM32\VERSION.dll
0x00007ffe5a970000 - 0x00007ffe5a984000 	C:\Windows\SYSTEM32\UMPDC.dll
0x00007ffe59880000 - 0x00007ffe5989b000 	C:\Windows\SYSTEM32\kernel.appcore.dll
0x00007ffe40aa0000 - 0x00007ffe40aaa000 	C:\Program Files\Java\jdk-26.0.1\bin\jimage.dll
0x00007ffe587c0000 - 0x00007ffe58a02000 	C:\Windows\SYSTEM32\DBGHELP.DLL
0x00007ffe5db90000 - 0x00007ffe5df13000 	C:\Windows\System32\combase.dll
0x00007ffe5ca50000 - 0x00007ffe5cb29000 	C:\Windows\System32\OLEAUT32.dll
0x00007ffe578b0000 - 0x00007ffe578eb000 	C:\Windows\SYSTEM32\dbgcore.DLL
0x00007ffe5ab30000 - 0x00007ffe5abd8000 	C:\Windows\System32\bcryptPrimitives.dll
0x00007ffe2e3f0000 - 0x00007ffe2e40f000 	C:\Program Files\Java\jdk-26.0.1\bin\java.dll
0x00007ffe5d860000 - 0x00007ffe5d9f7000 	C:\Windows\System32\ole32.dll
0x00007ffe5c2c0000 - 0x00007ffe5ca2e000 	C:\Windows\System32\SHELL32.dll
0x00007ffe5b560000 - 0x00007ffe5bdcc000 	C:\Windows\System32\windows.storage.dll
0x00007ffe5d760000 - 0x00007ffe5d856000 	C:\Windows\System32\SHCORE.dll
0x00007ffe5bf30000 - 0x00007ffe5bf96000 	C:\Windows\System32\shlwapi.dll
0x00007ffe5aa50000 - 0x00007ffe5aa79000 	C:\Windows\SYSTEM32\profapi.dll
0x00007ffe2ba50000 - 0x00007ffe2ba62000 	C:\Program Files\Java\jdk-26.0.1\bin\net.dll
0x00007ffe59dd0000 - 0x00007ffe59e3c000 	C:\Windows\system32\mswsock.dll
0x00007ffe28ee0000 - 0x00007ffe28ef6000 	C:\Program Files\Java\jdk-26.0.1\bin\nio.dll
0x00007ffe282e0000 - 0x00007ffe282f7000 	C:\Program Files\Java\jdk-26.0.1\bin\zip.dll
0x00007ffe2dc80000 - 0x00007ffe2dc8a000 	C:\Program Files\Java\jdk-26.0.1\bin\management.dll
0x00007ffe2ba40000 - 0x00007ffe2ba4c000 	C:\Program Files\Java\jdk-26.0.1\bin\management_ext.dll
0x00007ffe5dad0000 - 0x00007ffe5dad8000 	C:\Windows\System32\PSAPI.DLL
0x00007ffe2e6c0000 - 0x00007ffe2e6ce000 	C:\Program Files\Java\jdk-26.0.1\bin\sunmscapi.dll
0x00007ffe5abe0000 - 0x00007ffe5ad58000 	C:\Windows\System32\CRYPT32.dll
0x00007ffe5a330000 - 0x00007ffe5a360000 	C:\Windows\SYSTEM32\ncrypt.dll
0x00007ffe5a2e0000 - 0x00007ffe5a31f000 	C:\Windows\SYSTEM32\NTASN1.dll
0x00007ffe5a1d0000 - 0x00007ffe5a1eb000 	C:\Windows\SYSTEM32\CRYPTSP.dll
0x00007ffe597e0000 - 0x00007ffe59819000 	C:\Windows\system32\rsaenh.dll
0x00007ffe59e80000 - 0x00007ffe59eb3000 	C:\Windows\SYSTEM32\USERENV.dll
0x00007ffe5aa20000 - 0x00007ffe5aa4a000 	C:\Windows\SYSTEM32\bcrypt.dll
0x00007ffe5a030000 - 0x00007ffe5a03c000 	C:\Windows\SYSTEM32\CRYPTBASE.dll
0x00007ffe59320000 - 0x00007ffe59352000 	C:\Windows\SYSTEM32\IPHLPAPI.DLL
0x00007ffe5c2b0000 - 0x00007ffe5c2ba000 	C:\Windows\System32\NSI.dll
0x00007ffe59360000 - 0x00007ffe59492000 	C:\Windows\SYSTEM32\DNSAPI.dll
0x00007ffe4f4f0000 - 0x00007ffe4f4fb000 	C:\Windows\System32\rasadhlp.dll
0x00007ffe50890000 - 0x00007ffe50916000 	C:\Windows\System32\fwpuclnt.dll
0x00007ffe3f610000 - 0x00007ffe3f619000 	C:\Program Files\Java\jdk-26.0.1\bin\extnet.dll

JVMTI agents: none

dbghelp: loaded successfully - version: 4.0.5 - missing functions: none
symbol engine: initialized successfully - sym options: 0x614 - pdb path: .;C:\Program Files\Java\jdk-26.0.1\bin;C:\Windows\SYSTEM32;C:\Windows\WinSxS\amd64_microsoft.windows.common-controls_6595b64144ccf1df_6.0.26100.8457_none_3e0b2faee331e92d;C:\Program Files\Java\jdk-26.0.1\bin\server

VM Arguments:
java_command: C:\Users\chrin\AppData\Local\Temp\surefire14758409481934402744\surefirebooter-20260701154108483_3.jar C:\Users\chrin\AppData\Local\Temp\surefire14758409481934402744 2026-07-01T15-41-08_124-jvmRun1 surefire-20260701154108483_1tmp surefire_0-20260701154108483_2tmp
java_class_path (initial): C:\Users\chrin\AppData\Local\Temp\surefire14758409481934402744\surefirebooter-20260701154108483_3.jar
Launcher Type: SUN_STANDARD

[Global flags]
     bool AOTAdapterCaching                        = false                                  {diagnostic} {ergonomic}
     bool AOTInvokeDynamicLinking                  = false                                  {diagnostic} {ergonomic}
     bool AOTRecordTraining                        = false                                  {diagnostic} {ergonomic}
     bool AOTReplayTraining                        = false                                  {diagnostic} {ergonomic}
     bool AOTStubCaching                           = false                                  {diagnostic} {ergonomic}
     intx CICompilerCount                          = 4                                         {product} {ergonomic}
     uint ConcGCThreads                            = 2                                         {product} {ergonomic}
     uint G1ConcRefinementThreads                  = 8                                         {product} {ergonomic}
     uint G1EagerReclaimRemSetThreshold            = 16                                   {experimental} {ergonomic}
   size_t G1HeapRegionSize                         = 2097152                                   {product} {ergonomic}
     uint G1RemSetArrayOfCardsEntries              = 16                                   {experimental} {ergonomic}
     uint G1RemSetHowlMaxNumBuckets                = 8                                    {experimental} {ergonomic}
     uint G1RemSetHowlNumBuckets                   = 8                                    {experimental} {ergonomic}
   size_t InitialHeapSize                          = 8388608                                   {product} {ergonomic}
     bool IntelJccErratumMitigation                = false                             {ARCH diagnostic} {ergonomic}
   size_t MarkStackSize                            = 4194304                                   {product} {ergonomic}
   size_t MarkStackSizeMax                         = 536870912                                 {product} {ergonomic}
   size_t MaxHeapSize                              = 4223664128                                {product} {ergonomic}
   size_t MaxNewSize                               = 2533359616                                {product} {ergonomic}
 uint64_t MaxRAM                                   = 16889192448                               {product} {ergonomic}
   size_t MinHeapDeltaBytes                        = 2097152                                   {product} {ergonomic}
   size_t MinHeapSize                              = 8388608                                   {product} {ergonomic}
   size_t NonNMethodCodeHeapSize                   = 5898240                                {pd product} {ergonomic}
   size_t NonProfiledCodeHeapSize                  = 122945536                              {pd product} {ergonomic}
   size_t ProfiledCodeHeapSize                     = 122945536                              {pd product} {ergonomic}
   size_t ReservedCodeCacheSize                    = 251789312                              {pd product} {ergonomic}
     bool SegmentedCodeCache                       = true                                      {product} {ergonomic}
   size_t SoftMaxHeapSize                          = 4223664128                             {manageable} {ergonomic}
     bool UseCompressedOops                        = true                           {product lp64_product} {ergonomic}
     bool UseCondCardMark                          = true                                      {product} {ergonomic}
     bool UseFastUnorderedTimeStamps               = true                                 {experimental} {ergonomic}
     bool UseG1GC                                  = true                                      {product} {ergonomic}
     bool UseLargePagesIndividualAllocation        = false                                  {pd product} {ergonomic}
      int X86ICacheSync                            = 3                                 {ARCH diagnostic} {ergonomic}

Logging:
Log output configuration:
 #0: stdout all=warning uptime,level,tags foldmultilines=false
 #1: stderr all=off uptime,level,tags foldmultilines=false

Release file:
IMPLEMENTOR="Oracle Corporation" 
JAVA_RUNTIME_VERSION="26.0.1+8-34" 
JAVA_VERSION="26.0.1" 
JAVA_VERSION_DATE="2026-04-21" 
LIBC="default" 
MODULES="java.base java.compiler java.datatransfer java.xml java.prefs java.desktop java.instrument java.logging java.management java.security.sasl java.naming java.rmi java.management.rmi java.net.http java.scripting java.security.jgss java.transaction.xa java.sql java.sql.rowset java.xml.crypto java.se java.smartcardio jdk.accessibility jdk.internal.jvmstat jdk.attach jdk.charsets jdk.internal.opt jdk.zipfs jdk.compiler jdk.crypto.cryptoki jdk.crypto.ec jdk.crypto.mscapi jdk.dynalink jdk.internal.ed jdk.editpad jdk.internal.vm.ci jdk.graal.compiler jdk.graal.compiler.management jdk.hotspot.agent jdk.httpserver jdk.incubator.vector jdk.internal.le jdk.internal.md jdk.jartool jdk.javadoc jdk.jcmd jdk.management jdk.management.agent jdk.jconsole jdk.jdeps jdk.jdwp.agent jdk.jdi jdk.jfr jdk.jlink jdk.jpackage jdk.jshell jdk.jstatd jdk.localedata jdk.management.jfr jdk.naming.dns jdk.naming.rmi jdk.net jdk.nio.mapmode jdk.sctp jdk.security.auth jdk.security.jgss jdk.unsupported jdk.unsupported.desktop jdk.xml.dom" 
OS_ARCH="x86_64" 
OS_NAME="Windows" 
SOURCE=".:git:8fcde8268d22 open:git:fcc00fc4aee7" 

Environment Variables:
PATH=c:\Users\chrin\AppData\Local\Programs\cursor\resources\app\node_modules\@vscode\ripgrep\bin;C:\Program Files\Common Files\Oracle\Java\javapath;C:\Python314\Scripts\;C:\Python314\;C:\Windows\system32;C:\Windows;C:\Windows\System32\Wbem;C:\Windows\System32\WindowsPowerShell\v1.0\;C:\Windows\System32\OpenSSH\;C:\Program Files\dotnet\;C:\Program Files (x86)\Microsoft SQL Server\160\Tools\Binn\;C:\Program Files\Microsoft SQL Server\160\Tools\Binn\;C:\Program Files\Microsoft SQL Server\Client SDK\ODBC\170\Tools\Binn\;C:\Program Files\Microsoft SQL Server\160\DTS\Binn\;C:\Program Files\nodejs\;C:\ProgramData\chocolatey\bin;C:\Program Files\Git\cmd;C:\Program Files\Java\jdk-26.0.1\bin;C:\Program Files\Docker\Docker\resources\bin;C:\Program Files (x86)\Microsoft SQL Server\170\Tools\Binn\;C:\Program Files\Microsoft SQL Server\170\Tools\Binn\;C:\Program Files\Microsoft SQL Server\Client SDK\ODBC\180\Tools\Binn\;C:\Program Files\Microsoft SQL Server\170\DTS\Binn\;C:\Program Files\MySQL\MySQL Shell 8.0\bin\;C:\Users\chrin\AppData\Local\Microsoft\WindowsApps;C:\Users\chrin\AppData\Local\Programs\cursor\resources\app\bin;C:\Users\chrin\AppData\Local\Programs\Microsoft VS Code\bin;C:\Users\chrin\AppData\Local\Python\bin;C:\Users\chrin\AppData\Roaming\npm;C:\Program Files\nodejs\;C:\Program Files\JetBrains\IntelliJ IDEA 2026.1.1\bin
USERNAME=chrin
TERM=dumb
OS=Windows_NT
PROCESSOR_IDENTIFIER=Intel64 Family 6 Model 140 Stepping 1, GenuineIntel
TMP=C:\Users\chrin\AppData\Local\Temp
TEMP=C:\Users\chrin\AppData\Local\Temp




Compilation memory statistics disabled.

Periodic native trim disabled

---------------  S Y S T E M  ---------------

OS:
 Windows 11 , 64 bit Build 26100 (10.0.26100.8328)
OS uptime: 6 days 4:47 hours
Hyper-V role detected

CPU: total 8 (initial active 8) (4 cores per cpu, 2 threads per core) family 6 model 140 stepping 1 microcode 0xbe, cx8, cmov, fxsr, ht, mmx, 3dnowpref, sse, sse2, sse3, ssse3, sse4.1, sse4.2, popcnt, lzcnt, tsc, tscinvbit, avx, avx2, aes, erms, clmul, bmi1, bmi2, adx, avx512f, avx512dq, avx512cd, avx512bw, avx512vl, sha, fma, vzeroupper, avx512_vpopcntdq, avx512_vpclmulqdq, avx512_vaes, avx512_vnni, clflush, clflushopt, clwb, avx512_vbmi2, avx512_vbmi, hv, rdtscp, rdpid, fsrm, gfni, avx512_bitalg, f16c, cet_ibt, cet_ss, avx512_ifma
Processor Information for processor 0
  Max Mhz: 2419, Current Mhz: 2419, Mhz Limit: 2419
Processor Information for processor 1
  Max Mhz: 2419, Current Mhz: 2419, Mhz Limit: 2419
Processor Information for processor 2
  Max Mhz: 2419, Current Mhz: 2419, Mhz Limit: 2419
Processor Information for processor 3
  Max Mhz: 2419, Current Mhz: 1209, Mhz Limit: 2419
Processor Information for processor 4
  Max Mhz: 2419, Current Mhz: 1209, Mhz Limit: 2419
Processor Information for processor 5
  Max Mhz: 2419, Current Mhz: 2419, Mhz Limit: 2419
Processor Information for processor 6
  Max Mhz: 2419, Current Mhz: 1209, Mhz Limit: 2419
Processor Information for processor 7
  Max Mhz: 2419, Current Mhz: 2419, Mhz Limit: 2419

Memory: 4k page, system-wide physical 16106M (549M free)
TotalPageFile size 28912M (AvailPageFile size 70M)
current process WorkingSet (physical memory assigned to process): 324M, peak: 327M
current process commit charge ("private bytes"): 568M, peak: 602M

vm_info: Java HotSpot(TM) 64-Bit Server VM (26.0.1+8-34) for windows-amd64 JRE (26.0.1+8-34), built on 2026-03-10T17:24:10Z with MS VC++ 17.13 (VS2022)

END.
