#
# There is insufficient memory for the Java Runtime Environment to continue.
# Native memory allocation (mmap) failed to map 65536 bytes. Error detail: Failed to commit metaspace.
# Possible reasons:
#   The system is out of physical RAM or swap space
#   This process is running with CompressedOops enabled, and the Java Heap may be blocking the growth of the native heap
# Possible solutions:
#   Reduce memory load on the system
#   Increase physical memory or swap space
#   Check if swap backing store is full
#   Decrease Java heap size (-Xmx/-Xms)
#   Decrease number of Java threads
#   Decrease Java thread stack sizes (-Xss)
#   Set larger code cache with -XX:ReservedCodeCacheSize=
#   JVM is running with Zero Based Compressed Oops mode in which the Java heap is
#     placed in the first 32GB address space. The Java Heap base address is the
#     maximum limit for the native heap growth. Please use -XX:HeapBaseMinAddress
#     to set the Java Heap base and to place the Java Heap above 32GB virtual address.
# This output file may be truncated or incomplete.
#
#  Out of Memory Error (virtualSpaceNode.cpp:113), pid=21572, tid=30456
#
# JRE version:  (26.0.1+8) (build )
# Java VM: Java HotSpot(TM) 64-Bit Server VM (26.0.1+8-34, mixed mode, tiered, compressed oops, compressed class ptrs, g1 gc, windows-amd64)
# No core dump will be written. Minidumps are not enabled by default on client versions of Windows
#

---------------  S U M M A R Y ------------

Command Line: -Dnet.bytebuddy.agent.attacher.dump= net.bytebuddy.agent.Attacher com.sun.tools.attach.VirtualMachine 11332 C:\Users\chrin\.m2\repository\net\bytebuddy\byte-buddy-agent\1.17.8\byte-buddy-agent-1.17.8.jar false 

Host: 11th Gen Intel(R) Core(TM) i5-1135G7 @ 2.40GHz, 8 cores, 15G,  Windows 11 , 64 bit Build 26100 (10.0.26100.8328)
Time: Wed Jul  1 15:41:22 2026 Mauritius Standard Time elapsed time: 0.051724 seconds (0d 0h 0m 0s)

---------------  T H R E A D  ---------------

Current thread (0x0000021f8248b670):  JavaThread "main"             [_thread_in_vm, id=30456, stack(0x000000af49c00000,0x000000af49d00000) (1024K)]

Stack: [0x000000af49c00000,0x000000af49d00000]
Native frames: (J=compiled Java code, j=interpreted, Vv=VM code, C=native code)
V  [jvm.dll+0x7d5879]  (no source info available)
V  [jvm.dll+0x7a37dd]  (no source info available)
V  [jvm.dll+0x9b0c10]  (no source info available)
V  [jvm.dll+0x9b3061]  (no source info available)
V  [jvm.dll+0x9b3773]  (no source info available)
V  [jvm.dll+0x30df76]  (no source info available)
V  [jvm.dll+0x9ad9ce]  (no source info available)
V  [jvm.dll+0x773cd4]  (no source info available)
V  [jvm.dll+0x773d3a]  (no source info available)
V  [jvm.dll+0x776626]  (no source info available)
V  [jvm.dll+0x7763b5]  (no source info available)
V  [jvm.dll+0x2aba92]  (no source info available)
V  [jvm.dll+0x7746fe]  (no source info available)
V  [jvm.dll+0x2f37d4]  (no source info available)
V  [jvm.dll+0x29af1a]  (no source info available)
V  [jvm.dll+0x290d20]  (no source info available)
V  [jvm.dll+0x69eda4]  (no source info available)
V  [jvm.dll+0x2a3881]  (no source info available)
V  [jvm.dll+0x91d63f]  (no source info available)
V  [jvm.dll+0x91e84a]  (no source info available)
V  [jvm.dll+0x91ed82]  (no source info available)
V  [jvm.dll+0x91ead6]  (no source info available)
V  [jvm.dll+0x2f5ef1]  (no source info available)
V  [jvm.dll+0x2f6116]  (no source info available)
V  [jvm.dll+0x6c8dc7]  (no source info available)
V  [jvm.dll+0x6cc076]  (no source info available)
V  [jvm.dll+0x48abda]  (no source info available)
V  [jvm.dll+0x48a2fb]  (no source info available)
C  0x0000021f9491a3a9  (no source info available)

The last pc belongs to invokestatic (printed below).
Java frames: (J=compiled Java code, j=interpreted, Vv=VM code)
j  java.lang.Class.isInterface()Z+4 java.base
j  java.lang.Class.privateGetDeclaredConstructors(Z)[Ljava/lang/reflect/Constructor;+28 java.base
j  java.lang.Class.getConstructor0([Ljava/lang/Class;I)Ljava/lang/reflect/Constructor;+14 java.base
j  java.lang.Class.newInstance()Ljava/lang/Object;+37 java.base
j  sun.nio.cs.StandardCharsets.lookup(Ljava/lang/String;)Ljava/nio/charset/Charset;+125 java.base
j  sun.nio.cs.StandardCharsets.charsetForName(Ljava/lang/String;)Ljava/nio/charset/Charset;+6 java.base
j  java.nio.charset.Charset.lookup2(Ljava/lang/String;)Ljava/nio/charset/Charset;+39 java.base
j  java.nio.charset.Charset.lookup(Ljava/lang/String;)Ljava/nio/charset/Charset;+40 java.base
j  java.nio.charset.Charset.isSupported(Ljava/lang/String;)Z+1 java.base
j  java.lang.System.initPhase1()V+37 java.base
v  ~StubRoutines::Stub Generator call_stub_stub 0x0000021f949018e2
Lock stack of current Java thread (top to bottom):
LockStack[0]: sun.nio.cs.StandardCharsets 
{0x0000000704a105a8} - klass: 'sun/nio/cs/StandardCharsets' - flags: 

 - ---- fields (total size 3 words):
 - private 'classMap' 'Ljava/util/Map;' @12  a 'sun/nio/cs/StandardCharsets$Classes'{0x0000000704a19d58} (0xe09433ab)
 - private 'aliasMap' 'Ljava/util/Map;' @16  a 'sun/nio/cs/StandardCharsets$Aliases'{0x0000000704a11778} (0xe09422ef)
 - private 'cache' 'Ljava/util/Map;' @20  a 'sun/nio/cs/StandardCharsets$Cache'{0x0000000704a17ff8} (0xe0942fff)

invokestatic  184 invokestatic  [0x0000021f9491a2c0, 0x0000021f9491a5d8]  792 bytes

Loading hsdis library failed, undisassembled code is shown in MachCode section
[MachCode]
  0x0000021f9491a2c0: 4883 ec08 | c5fa 1104 | 24eb 1f48 | 83ec 10c5 | fb11 0424 | eb14 4883 | ec10 4889 | 0424 48c7 
  0x0000021f9491a2e0: 4424 0800 | 0000 00eb | 0150 488b | 4dd0 410f | b755 0148 | 8b49 386b | d218 488d | 4c11 080f 
  0x0000021f9491a300: b659 1681 | fbb8 0000 | 000f 8529 | 0000 0048 | 8b19 488b | 5b08 488b | 5b08 488b | 5b18 80bb 
  0x0000021f9491a320: 3001 0000 | 040f 841f | 0100 004c | 3bbb 3801 | 0000 0f84 | 1201 0000 | bbb8 0000 | 0048 8bd3 
  0x0000021f9491a340: 493b a7a8 | 0500 0076 | 0749 89a7 | a805 0000 | 4c8d 15b8 | 0000 0041 | 5248 8d44 | 2408 4c89 
  0x0000021f9491a360: 6dc0 498b | cfc5 f877 | 4989 af20 | 0400 0049 | 8987 1004 | 0000 4883 | ec20 40f6 | c40f 0f84 
  0x0000021f9491a380: 1900 0000 | 4883 ec08 | 48b8 70a1 | 6d85 fd7f | 0000 ffd0 | 4883 c408 | e90c 0000 | 0048 b870 
  0x0000021f9491a3a0: a16d 85fd | 7f00 00ff | d048 83c4 | 2049 c787 | 1004 0000 | 0000 0000 | 49c7 8720 | 0400 0000 
  0x0000021f9491a3c0: 0000 0049 | c787 1804 | 0000 0000 | 0000 c5f8 | 774c 8b6d | c04c 8b75 | c84e 8d74 | f500 415a 
  0x0000021f9491a3e0: 493b a7a8 | 0500 0072 | 0b49 c787 | a805 0000 | 0000 0000 | 4d8b 97c0 | 0500 0049 | 83fa 0074 
  0x0000021f9491a400: 1b49 c787 | c005 0000 | 0000 0000 | 41ff e249 | ba00 c190 | 941f 0200 | 0041 ffd2 | 4983 7f08 
  0x0000021f9491a420: 000f 840e | 0000 004c | 8d15 e1ff | ffff 4152 | e9ab 73fe | ff48 8b4d | d041 0fb7 | 5501 488b 
  0x0000021f9491a440: 4938 6bd2 | 1848 8d4c | 1108 0fb6 | 5115 488b | 194c 896d | c044 8bea | 0fb6 5114 | 49ba 5029 
  0x0000021f9491a460: 0486 fd7f | 0000 498b | 14d2 5241 | 8bd5 4c8b | 6dc0 488b | 45d8 4885 | c00f 840d | 0000 0048 
  0x0000021f9491a480: 8340 0801 | 4883 c010 | 4889 45d8 | 488b 45d8 | 4885 c00f | 8423 0100 | 0080 78f0 | 0a0f 8519 
  0x0000021f9491a4a0: 0100 0048 | 83c0 084c | 8b68 f841 | 83ed 0041 | 83fd 020f | 8cf8 0000 | 004c 8b6b | 0845 0fb7 
  0x0000021f9491a4c0: 6d2e 4c2b | 2841 83ed | 014e 8b6c | ec08 4d85 | ed75 0ef6 | 4008 0175 | 4bf0 4883 | 4808 01eb 
  0x0000021f9491a4e0: 4345 8b6d | 084d 8bd5 | 4c33 6808 | 49f7 c5fc | ffff ff74 | 2f41 f6c5 | 0275 2948 | 8378 0800 
  0x0000021f9491a500: 741e 4883 | 7808 0174 | 174d 8bea | 4c33 6808 | 49f7 c5fc | ffff ff74 | 0b48 8348 | 0802 eb04 
  0x0000021f9491a520: 4c89 6808 | 4883 c010 | 4c8b 68e8 | 4183 ed02 | 4183 fd02 | 0f8c 7700 | 0000 4c8b | 6b08 450f 
  0x0000021f9491a540: b76d 2e4c | 2b28 4183 | ed01 4e8b | 6cec 084d | 85ed 750e | f640 0801 | 754b f048 | 8348 0801 
  0x0000021f9491a560: eb43 458b | 6d08 4d8b | d54c 3368 | 0849 f7c5 | fcff ffff | 742f 41f6 | c502 7529 | 4883 7808 
  0x0000021f9491a580: 0074 1e48 | 8378 0801 | 7417 4d8b | ea4c 3368 | 0849 f7c5 | fcff ffff | 740b 4883 | 4808 02eb 
  0x0000021f9491a5a0: 044c 8968 | 0848 83c0 | 104c 8b68 | d841 83ed | 0441 c1e5 | 0349 03c5 | 4889 45d8 | 4c8d 6c24 
  0x0000021f9491a5c0: 0849 8bcd | 482b cd48 | c1f9 0348 | 894d f0ff | 6350 660f | 1f44 0000 
[/MachCode]

---------------  P R O C E S S  ---------------

Threads class SMR info:
_java_thread_list=0x0000021fa4632e20, length=1, elements={
0x0000021f8248b670
}

Java Threads: ( => current thread )
=>0x0000021f8248b670 JavaThread "main"                              [_thread_in_vm, id=30456, stack(0x000000af49c00000,0x000000af49d00000) (1024K)]
Total: 1

Other Threads:
  0x0000021fa477f8a0 VMThread "VM Thread"                           [id=24780, stack(0x000000af4a400000,0x000000af4a500000) (1024K)]
  0x0000021fa47579d0 WatcherThread "VM Periodic Task Thread"        [id=24300, stack(0x000000af4a300000,0x000000af4a400000) (1024K)]
  0x0000021f84774590 WorkerThread "GC Thread#0"                     [id=29008, stack(0x000000af49d00000,0x000000af49e00000) (1024K)]
  0x0000021f8478dce0 ConcurrentGCThread "G1 Main Marker"            [id=18352, stack(0x000000af49e00000,0x000000af49f00000) (1024K)]
  0x0000021f84790670 WorkerThread "G1 Conc#0"                       [id=13576, stack(0x000000af49f00000,0x000000af4a000000) (1024K)]
  0x0000021f847d39c0 WorkerThread "G1 Refinement Workers#0"         [id=26916, stack(0x000000af4a100000,0x000000af4a200000) (1024K)]
  0x0000021f847d3000 ConcurrentGCThread "G1 Refine Control"         [id=24072, stack(0x000000af4a000000,0x000000af4a100000) (1024K)]
  0x0000021f847dc340 ConcurrentGCThread "G1 Service"                [id=2844, stack(0x000000af4a200000,0x000000af4a300000) (1024K)]
Total: 8

Threads with active compile tasks:
Total: 0

VM state: not at safepoint (normal execution)

VM Mutex/Monitor currently owned by a thread:  ([mutex/lock_event])
[0x00007ffd8602cb08] Metaspace_lock - owner thread: 0x0000021f8248b670

Heap address: 0x0000000704400000, size: 4028 MB, Compressed Oops mode: Zero based, Oop shift amount: 3

CDS archive(s) not mapped
Compressed class space mapped at: 0x0000000095000000-0x00000000d5000000, reserved size: 1073741824
UseCompressedClassPointers 1, UseCompactObjectHeaders 0
Narrow klass pointer bits 32, Max shift 3
Narrow klass base: 0x0000000000000000, Narrow klass shift: 0
Encoding Range: [0x0000000000000000 - 0x0000000100000000), (4294967296 bytes)
Klass Range:    [0x0000000095000000 - 0x00000000d5000000), (1073741824 bytes)
Klass ID Range:  [2499805184 - 3573547001) (1073741817)
No protection zone.

GC Precious Log:
 CardTable entry size: 512
 Card Set container configuration: InlinePtr #cards 4 size 8 Array Of Cards #cards 16 size 48 Howl #buckets 8 coarsen threshold 3686 Howl Bitmap #cards 512 size 80 coarsen threshold 460 Card regions per heap region 1 cards per card region 4096
 CPUs: 8 total, 8 available
 Memory: 16106M
 Large Page Support: Disabled
 NUMA Support: Disabled
 Compressed Oops: Enabled (Zero based)
 Heap Region Size: 2M
 Heap Min Capacity: 8M
 Heap Initial Capacity: 8M
 Heap Max Capacity: 4028M
 Pre-touch: Disabled
 Parallel Workers: 8
 Concurrent Workers: 2
 Concurrent Refinement Workers: 8
 Periodic GC: Disabled

Heap:
 garbage-first heap   total reserved 4124672K, committed 8192K, used 0K [0x0000000704400000, 0x0000000800000000)
  region size 2M, 1 eden (2M), 0 survivor (0M), 0 old (0M), 0 humongous (0M), 3 free (6M)

Heap Regions: E=young(eden), S=young(survivor), O=old, HS=humongous(starts), HC=humongous(continues), CS=collection set, F=free, TAMS=top-at-mark-start, PB=parsable bottom
|    0|0x0000000704400000, 0x0000000704400000, 0x0000000704600000|  0%| F|  |TAMS 0x0000000704400000| PB 0x0000000704400000| Untracked |  0
|    1|0x0000000704600000, 0x0000000704600000, 0x0000000704800000|  0%| F|  |TAMS 0x0000000704600000| PB 0x0000000704600000| Untracked |  0
|    2|0x0000000704800000, 0x0000000704800000, 0x0000000704a00000|  0%| F|  |TAMS 0x0000000704800000| PB 0x0000000704800000| Untracked |  0
|    3|0x0000000704a00000, 0x0000000704a28fe0, 0x0000000704c00000|  8%| E|CS|TAMS 0x0000000704a00000| PB 0x0000000704a00000| Complete  |  0

Card table byte_map: [0x0000021f9cf00000,0x0000021f9d6e0000] _byte_map_base: 0x0000021f996de000
Refinement table byte_map: [0x0000021f9d6e0000,0x0000021f9dec0000] _byte_map_base: 0x0000021f99ebe000

Marking Bits: (CMBitMap*) 0x0000021f84774b10
 Bits: [0x0000021f9dec0000, 0x0000021fa1db0000)

Polling page: 0x0000021f82800000

Metaspace:
Metaspace        used 2354K, committed 2368K, reserved 1114112K
 class space     used 178K, committed 192K, reserved 1048576K

Usage:
  Non-class:      2.12 MB used.
      Class:    178.84 KB used.
       Both:      2.30 MB used.

Virtual space:
  Non-class space:       64.00 MB reserved,       2.12 MB (  3%) committed,  1 nodes.
      Class space:        1.00 GB reserved,     192.00 KB ( <1%) committed,  1 nodes.
             Both:        1.06 GB reserved,       2.31 MB ( <1%) committed. 

Chunk freelists:
   Non-Class:  12.00 MB
       Class:  15.75 MB
        Both:  27.75 MB

MaxMetaspaceSize: unlimited
CompressedClassSpaceSize: 1.00 GB
Initial GC threshold: 21.00 MB
Current GC threshold: 17179869184.00 GB
CDS: off
 - commit_granule_bytes: 65536.
 - commit_granule_words: 8192.
 - virtual_space_node_default_size: 8388608.
 - enlarge_chunks_in_place: 1.
UseCompressedClassPointers 1, UseCompactObjectHeaders 0
Narrow klass pointer bits 32, Max shift 3
Narrow klass base: 0x0000000000000000, Narrow klass shift: 0
Encoding Range: [0x0000000000000000 - 0x0000000100000000), (4294967296 bytes)
Klass Range:    [0x0000000095000000 - 0x00000000d5000000), (1073741824 bytes)
Klass ID Range:  [2499805184 - 3573547001) (1073741817)
No protection zone.


Internal statistics:

num_allocs_failed_limit: 0.
num_arena_births: 2.
num_arena_deaths: 0.
num_vsnodes_births: 2.
num_vsnodes_deaths: 0.
num_space_committed: 37.
num_space_uncommitted: 0.
num_chunks_returned_to_freelist: 0.
num_chunks_taken_from_freelist: 2.
num_chunk_merges: 0.
num_chunk_splits: 2.
num_chunks_enlarged: 0.
num_inconsistent_stats: 0.

CodeHeap 'non-profiled nmethods': size=120064Kb used=0Kb max_used=0Kb free=120064Kb
 bounds [0x0000021f94ea0000, 0x0000021f95110000, 0x0000021f9c3e0000]
CodeHeap 'profiled nmethods': size=120064Kb used=0Kb max_used=0Kb free=120064Kb
 bounds [0x0000021f8d3c0000, 0x0000021f8d630000, 0x0000021f94900000]
CodeHeap 'non-nmethods': size=5760Kb used=442Kb max_used=442Kb free=5318Kb
 bounds [0x0000021f94900000, 0x0000021f94b70000, 0x0000021f94ea0000]
CodeCache: size=245888Kb, used=442Kb, max_used=442Kb, free=245446Kb
 total_blobs=170, nmethods=0, adapters=141, full_count=0
Compilation: enabled, stopped_count=0, restarted_count=0

Compilation events (0 events):
No events

GC Heap Usage History (0 events):
No events

Metaspace Usage History (0 events):
No events

Dll operation events (2 events):
Event: 0.010 Attempting to load shared library C:\Program Files\Java\jdk-26.0.1\bin\java.dll
Event: 0.012 Loaded shared library C:\Program Files\Java\jdk-26.0.1\bin\java.dll

Deoptimization events (0 events):
No events

Classes loaded (20 events):
Event: 0.049 Loading class sun/nio/cs/UTF_16LE done
Event: 0.049 Loading class sun/nio/cs/UTF_16
Event: 0.049 Loading class sun/nio/cs/UTF_16 done
Event: 0.049 Loading class sun/nio/cs/UTF_32BE
Event: 0.049 Loading class sun/nio/cs/UTF_32BE done
Event: 0.049 Loading class sun/nio/cs/UTF_32LE
Event: 0.049 Loading class sun/nio/cs/UTF_32LE done
Event: 0.049 Loading class sun/nio/cs/UTF_32
Event: 0.049 Loading class sun/nio/cs/UTF_32 done
Event: 0.049 Loading class sun/nio/cs/StandardCharsets$Classes
Event: 0.049 Loading class sun/nio/cs/StandardCharsets$Classes done
Event: 0.049 Loading class jdk/internal/util/ModifiedUtf
Event: 0.049 Loading class jdk/internal/util/ModifiedUtf done
Event: 0.050 Loading class sun/nio/cs/MS1252
Event: 0.050 Loading class sun/nio/cs/MS1252 done
Event: 0.050 Loading class java/lang/Class$ReflectionData
Event: 0.050 Loading class java/lang/Class$ReflectionData done
Event: 0.050 Loading class java/lang/Class$Atomic
Event: 0.050 Loading class java/lang/Class$Atomic done
Event: 0.050 Loading class java/lang/reflect/Modifier

Classes unloaded (0 events):
No events

Classes redefined (0 events):
No events

Internal exceptions (0 events):
No events

VM Operations (0 events):
No events

Memory protections (0 events):
No events

Nmethod flushes (0 events):
No events

Events (1 events):
Event: 0.014 Thread 0x0000021f8248b670 Thread added: 0x0000021f8248b670


Dynamic libraries:
0x00007ff681660000 - 0x00007ff681670000 	C:\Program Files\Java\jdk-26.0.1\bin\java.exe
0x00007ffe5e100000 - 0x00007ffe5e367000 	C:\Windows\SYSTEM32\ntdll.dll
0x00007ffe5d1b0000 - 0x00007ffe5d279000 	C:\Windows\System32\KERNEL32.DLL
0x00007ffe5b0a0000 - 0x00007ffe5b497000 	C:\Windows\System32\KERNELBASE.dll
0x00007ffe5ad60000 - 0x00007ffe5aeab000 	C:\Windows\System32\ucrtbase.dll
0x00007ffe2e430000 - 0x00007ffe2e44e000 	C:\Program Files\Java\jdk-26.0.1\bin\VCRUNTIME140.dll
0x00007ffe2e6a0000 - 0x00007ffe2e6b7000 	C:\Program Files\Java\jdk-26.0.1\bin\jli.dll
0x00007ffe5cdd0000 - 0x00007ffe5cf96000 	C:\Windows\System32\USER32.dll
0x00007ffe5b530000 - 0x00007ffe5b557000 	C:\Windows\System32\win32u.dll
0x00007ffe485f0000 - 0x00007ffe48882000 	C:\Windows\WinSxS\amd64_microsoft.windows.common-controls_6595b64144ccf1df_6.0.26100.8457_none_3e0b2faee331e92d\COMCTL32.dll
0x00007ffe5d710000 - 0x00007ffe5d73b000 	C:\Windows\System32\GDI32.dll
0x00007ffe5dae0000 - 0x00007ffe5db89000 	C:\Windows\System32\msvcrt.dll
0x00007ffe5af70000 - 0x00007ffe5b09c000 	C:\Windows\System32\gdi32full.dll
0x00007ffe5bdd0000 - 0x00007ffe5be73000 	C:\Windows\System32\msvcp_win.dll
0x00007ffe5da00000 - 0x00007ffe5da32000 	C:\Windows\System32\IMM32.DLL
0x00007ffe43460000 - 0x00007ffe4346c000 	C:\Program Files\Java\jdk-26.0.1\bin\vcruntime140_1.dll
0x00007ffdfd060000 - 0x00007ffdfd0ed000 	C:\Program Files\Java\jdk-26.0.1\bin\msvcp140.dll
0x00007ffd85250000 - 0x00007ffd8611e000 	C:\Program Files\Java\jdk-26.0.1\bin\server\jvm.dll
0x00007ffe5cd10000 - 0x00007ffe5cdc6000 	C:\Windows\System32\ADVAPI32.dll
0x00007ffe5be80000 - 0x00007ffe5bf27000 	C:\Windows\System32\sechost.dll
0x00007ffe5cb30000 - 0x00007ffe5cc48000 	C:\Windows\System32\RPCRT4.dll
0x00007ffe5da40000 - 0x00007ffe5dac0000 	C:\Windows\System32\WS2_32.dll
0x00007ffe5a990000 - 0x00007ffe5a9ee000 	C:\Windows\SYSTEM32\POWRPROF.dll
0x00007ffe578f0000 - 0x00007ffe57926000 	C:\Windows\SYSTEM32\WINMM.dll
0x00007ffe55970000 - 0x00007ffe5597b000 	C:\Windows\SYSTEM32\VERSION.dll
0x00007ffe5a970000 - 0x00007ffe5a984000 	C:\Windows\SYSTEM32\UMPDC.dll
0x00007ffe59880000 - 0x00007ffe5989b000 	C:\Windows\SYSTEM32\kernel.appcore.dll
0x00007ffe40aa0000 - 0x00007ffe40aaa000 	C:\Program Files\Java\jdk-26.0.1\bin\jimage.dll
0x00007ffe587c0000 - 0x00007ffe58a02000 	C:\Windows\SYSTEM32\DBGHELP.DLL
0x00007ffe5db90000 - 0x00007ffe5df13000 	C:\Windows\System32\combase.dll
0x00007ffe5ca50000 - 0x00007ffe5cb29000 	C:\Windows\System32\OLEAUT32.dll
0x00007ffe578b0000 - 0x00007ffe578eb000 	C:\Windows\SYSTEM32\dbgcore.DLL
0x00007ffe5ab30000 - 0x00007ffe5abd8000 	C:\Windows\System32\bcryptPrimitives.dll
0x00007ffe2e3f0000 - 0x00007ffe2e40f000 	C:\Program Files\Java\jdk-26.0.1\bin\java.dll
0x00007ffe5d860000 - 0x00007ffe5d9f7000 	C:\Windows\System32\ole32.dll
0x00007ffe5c2c0000 - 0x00007ffe5ca2e000 	C:\Windows\System32\SHELL32.dll

JVMTI agents: none

dbghelp: loaded successfully - version: 4.0.5 - missing functions: none
symbol engine: initialized successfully - sym options: 0x614 - pdb path: .;C:\Program Files\Java\jdk-26.0.1\bin;C:\Windows\SYSTEM32;C:\Windows\WinSxS\amd64_microsoft.windows.common-controls_6595b64144ccf1df_6.0.26100.8457_none_3e0b2faee331e92d;C:\Program Files\Java\jdk-26.0.1\bin\server

VM Arguments:
jvm_args: -Dnet.bytebuddy.agent.attacher.dump= 
java_command: net.bytebuddy.agent.Attacher com.sun.tools.attach.VirtualMachine 11332 C:\Users\chrin\.m2\repository\net\bytebuddy\byte-buddy-agent\1.17.8\byte-buddy-agent-1.17.8.jar false 
java_class_path (initial): C:\Users\chrin\.m2\repository\net\bytebuddy\byte-buddy-agent\1.17.8\byte-buddy-agent-1.17.8.jar
Launcher Type: SUN_STANDARD

[Global flags]
     bool AOTAdapterCaching                        = false                                  {diagnostic} {ergonomic}
     bool AOTInvokeDynamicLinking                  = false                                  {diagnostic} {ergonomic}
     bool AOTRecordTraining                        = false                                  {diagnostic} {ergonomic}
     bool AOTReplayTraining                        = false                                  {diagnostic} {ergonomic}
     bool AOTStubCaching                           = false                                  {diagnostic} {ergonomic}
     intx CICompilerCount                          = 4                                         {product} {ergonomic}
     uint ConcGCThreads                            = 2                                         {product} {ergonomic}
     uint G1ConcRefinementThreads                  = 8                                         {product} {ergonomic}
     uint G1EagerReclaimRemSetThreshold            = 16                                   {experimental} {ergonomic}
   size_t G1HeapRegionSize                         = 2097152                                   {product} {ergonomic}
     uint G1RemSetArrayOfCardsEntries              = 16                                   {experimental} {ergonomic}
     uint G1RemSetHowlMaxNumBuckets                = 8                                    {experimental} {ergonomic}
     uint G1RemSetHowlNumBuckets                   = 8                                    {experimental} {ergonomic}
   size_t InitialHeapSize                          = 8388608                                   {product} {ergonomic}
     bool IntelJccErratumMitigation                = false                             {ARCH diagnostic} {ergonomic}
   size_t MarkStackSize                            = 4194304                                   {product} {ergonomic}
   size_t MarkStackSizeMax                         = 536870912                                 {product} {ergonomic}
   size_t MaxHeapSize                              = 4223664128                                {product} {ergonomic}
   size_t MaxNewSize                               = 2533359616                                {product} {ergonomic}
 uint64_t MaxRAM                                   = 16889192448                               {product} {ergonomic}
   size_t MinHeapDeltaBytes                        = 2097152                                   {product} {ergonomic}
   size_t MinHeapSize                              = 8388608                                   {product} {ergonomic}
   size_t NonNMethodCodeHeapSize                   = 5898240                                {pd product} {ergonomic}
   size_t NonProfiledCodeHeapSize                  = 122945536                              {pd product} {ergonomic}
   size_t ProfiledCodeHeapSize                     = 122945536                              {pd product} {ergonomic}
   size_t ReservedCodeCacheSize                    = 251789312                              {pd product} {ergonomic}
     bool SegmentedCodeCache                       = true                                      {product} {ergonomic}
   size_t SoftMaxHeapSize                          = 4223664128                             {manageable} {ergonomic}
     bool UseCompressedOops                        = true                           {product lp64_product} {ergonomic}
     bool UseCondCardMark                          = true                                      {product} {ergonomic}
     bool UseFastUnorderedTimeStamps               = true                                 {experimental} {ergonomic}
     bool UseG1GC                                  = true                                      {product} {ergonomic}
     bool UseLargePagesIndividualAllocation        = false                                  {pd product} {ergonomic}
      int X86ICacheSync                            = 3                                 {ARCH diagnostic} {ergonomic}

Logging:
Log output configuration:
 #0: stdout all=warning uptime,level,tags foldmultilines=false
 #1: stderr all=off uptime,level,tags foldmultilines=false

Release file:
<release file has not been read>
Environment Variables:
PATH=c:\Users\chrin\AppData\Local\Programs\cursor\resources\app\node_modules\@vscode\ripgrep\bin;C:\Program Files\Common Files\Oracle\Java\javapath;C:\Python314\Scripts\;C:\Python314\;C:\Windows\system32;C:\Windows;C:\Windows\System32\Wbem;C:\Windows\System32\WindowsPowerShell\v1.0\;C:\Windows\System32\OpenSSH\;C:\Program Files\dotnet\;C:\Program Files (x86)\Microsoft SQL Server\160\Tools\Binn\;C:\Program Files\Microsoft SQL Server\160\Tools\Binn\;C:\Program Files\Microsoft SQL Server\Client SDK\ODBC\170\Tools\Binn\;C:\Program Files\Microsoft SQL Server\160\DTS\Binn\;C:\Program Files\nodejs\;C:\ProgramData\chocolatey\bin;C:\Program Files\Git\cmd;C:\Program Files\Java\jdk-26.0.1\bin;C:\Program Files\Docker\Docker\resources\bin;C:\Program Files (x86)\Microsoft SQL Server\170\Tools\Binn\;C:\Program Files\Microsoft SQL Server\170\Tools\Binn\;C:\Program Files\Microsoft SQL Server\Client SDK\ODBC\180\Tools\Binn\;C:\Program Files\Microsoft SQL Server\170\DTS\Binn\;C:\Program Files\MySQL\MySQL Shell 8.0\bin\;C:\Users\chrin\AppData\Local\Microsoft\WindowsApps;C:\Users\chrin\AppData\Local\Programs\cursor\resources\app\bin;C:\Users\chrin\AppData\Local\Programs\Microsoft VS Code\bin;C:\Users\chrin\AppData\Local\Python\bin;C:\Users\chrin\AppData\Roaming\npm;C:\Program Files\nodejs\;C:\Program Files\JetBrains\IntelliJ IDEA 2026.1.1\bin
USERNAME=chrin
TERM=dumb
OS=Windows_NT
PROCESSOR_IDENTIFIER=Intel64 Family 6 Model 140 Stepping 1, GenuineIntel
TMP=C:\Users\chrin\AppData\Local\Temp
TEMP=C:\Users\chrin\AppData\Local\Temp




Compilation memory statistics disabled.

Periodic native trim disabled

---------------  S Y S T E M  ---------------

OS:
 Windows 11 , 64 bit Build 26100 (10.0.26100.8328)
OS uptime: 6 days 4:47 hours
Hyper-V role detected

CPU: total 8 (initial active 8) (4 cores per cpu, 2 threads per core) family 6 model 140 stepping 1 microcode 0xbe, cx8, cmov, fxsr, ht, mmx, 3dnowpref, sse, sse2, sse3, ssse3, sse4.1, sse4.2, popcnt, lzcnt, tsc, tscinvbit, avx, avx2, aes, erms, clmul, bmi1, bmi2, adx, avx512f, avx512dq, avx512cd, avx512bw, avx512vl, sha, fma, vzeroupper, avx512_vpopcntdq, avx512_vpclmulqdq, avx512_vaes, avx512_vnni, clflush, clflushopt, clwb, avx512_vbmi2, avx512_vbmi, hv, rdtscp, rdpid, fsrm, gfni, avx512_bitalg, f16c, cet_ibt, cet_ss, avx512_ifma
Processor Information for processor 0
  Max Mhz: 2419, Current Mhz: 1209, Mhz Limit: 2419
Processor Information for processor 1
  Max Mhz: 2419, Current Mhz: 2419, Mhz Limit: 2419
Processor Information for processor 2
  Max Mhz: 2419, Current Mhz: 1209, Mhz Limit: 2419
Processor Information for processor 3
  Max Mhz: 2419, Current Mhz: 1209, Mhz Limit: 2419
Processor Information for processor 4
  Max Mhz: 2419, Current Mhz: 2419, Mhz Limit: 2419
Processor Information for processor 5
  Max Mhz: 2419, Current Mhz: 2419, Mhz Limit: 2419
Processor Information for processor 6
  Max Mhz: 2419, Current Mhz: 1209, Mhz Limit: 2419
Processor Information for processor 7
  Max Mhz: 2419, Current Mhz: 1209, Mhz Limit: 2419

Memory: 4k page, system-wide physical 16106M (540M free)
TotalPageFile size 28912M (AvailPageFile size 2M)
current process WorkingSet (physical memory assigned to process): 21M, peak: 21M
current process commit charge ("private bytes"): 73M, peak: 73M

vm_info: Java HotSpot(TM) 64-Bit Server VM (26.0.1+8-34) for windows-amd64 JRE (26.0.1+8-34), built on 2026-03-10T17:24:10Z with MS VC++ 17.13 (VS2022)

END.
